<?xml version="1.0" encoding="UTF-8"?>
<testsuite xmlns:xsi="http://www.w3.org/2001/XMLSchema-instance" xsi:noNamespaceSchemaLocation="https://maven.apache.org/surefire/maven-surefire-plugin/xsd/surefire-test-report-3.0.xsd" version="3.0" name="tests.PlanTest" time="0.07" tests="5" errors="0" skipped="0" failures="0">
  <properties>
[...]
</properties>
  <testcase name="testAjouterTroncon" classname="tests.PlanTest" time="0.017"/>
  <testcase name="testAjouterIntersection" classname="tests.PlanTest" time="0.001"/>
  <testcase name="testChercherIntersectionParId" classname="tests.PlanTest" time="0.001"/>
  <testcase name="testChercherPlusCourtChemin" classname="tests.PlanTest" time="0.001"/>
  <testcase name="testChargerPlanDepuisXML" classname="tests.PlanTest" time="0.037">
    <system-out><![CDATA[Tronçon: 1 -> 2, Longueur: 10.0m, Rue: Rue A*
Tronçon: 1 -> 3, Longueur: 10.0m, Rue: Rue B*
Tronçon: 1 -> 4, Longueur: 10.0m, Rue: Rue C*
Tronçon: 1 -> 5, Longueur: 10.0m, Rue: Rue D*
Tronçon: 1 -> 6, Longueur: 10.0m, Rue: Rue E*
Tronçon: 1 -> 7, Longueur: 10.0m, Rue: Rue F*
Tronçon: 1 -> 8, Longueur: 10.0m, Rue: Rue G*
Tronçon: 1 -> 9, Longueur: 10.0m, Rue: Rue H*
Tronçon: 2 -> 1, Longueur: 10.0m, Rue: Rue A*
Tronçon: 3 -> 1, Longueur: 10.0m, Rue: Rue B*
Tronçon: 4 -> 1, Longueur: 10.0m, Rue: Rue C*
Tronçon: 5 -> 1, Longueur: 10.0m, Rue: Rue D*
Tronçon: 6 -> 1, Longueur: 10.0m, Rue: Rue E*
Tronçon: 7 -> 1, Longueur: 10.0m, Rue: Rue F*
Tronçon: 8 -> 1, Longueur: 10.0m, Rue: Rue G*
Tronçon: 9 -> 1, Longueur: 10.0m, Rue: Rue H*
Tronçon: 3 -> 2, Longueur: 3.0m, Rue: Rue I
Tronçon: 2 -> 3, Longueur: 3.0m, Rue: Rue I
Tronçon: 3 -> 4, Longueur: 8.0m, Rue: Rue J
Tronçon: 4 -> 3, Longueur: 8.0m, Rue: Rue J
Tronçon: 5 -> 4, Longueur: 4.0m, Rue: Rue K
Tronçon: 4 -> 5, Longueur: 4.0m, Rue: Rue K
Tronçon: 6 -> 5, Longueur: 12.0m, Rue: Rue L
Tronçon: 5 -> 6, Longueur: 12.0m, Rue: Rue L
Tronçon: 6 -> 7, Longueur: 1.0m, Rue: Rue M
Tronçon: 7 -> 6, Longueur: 1.0m, Rue: Rue M
Tronçon: 8 -> 7, Longueur: 5.0m, Rue: Rue N
Tronçon: 7 -> 8, Longueur: 5.0m, Rue: Rue N
Tronçon: 8 -> 9, Longueur: 2.0m, Rue: Rue O
Tronçon: 9 -> 8, Longueur: 2.0m, Rue: Rue O
Tronçon: 9 -> 2, Longueur: 7.0m, Rue: Rue P
Tronçon: 2 -> 9, Longueur: 7.0m, Rue: Rue P
]]></system-out>
  </testcase>
</testsuite>