<?xml version="1.0" encoding="UTF-8"?>
<testsuite xmlns:xsi="http://www.w3.org/2001/XMLSchema-instance" xsi:noNamespaceSchemaLocation="https://maven.apache.org/surefire/maven-surefire-plugin/xsd/surefire-test-report-3.0.xsd" version="3.0" name="tests.PlanTest" time="0.483" tests="5" errors="0" skipped="0" failures="0">
  <properties>
[...]
</properties>
  <testcase name="testAjouterTroncon" classname="tests.PlanTest" time="0.022"/>
  <testcase name="testAjouterIntersection" classname="tests.PlanTest" time="0.001"/>
  <testcase name="testChercherIntersectionParId" classname="tests.PlanTest" time="0.0"/>
  <testcase name="testChercherPlusCourtChemin" classname="tests.PlanTest" time="0.008">
    <system-out><![CDATA[1
Intersection [id=2, latitude=45.755, longitude=4.832]
2
Intersection [id=3, latitude=45.756, longitude=4.833]
2
Intersection [id=3, latitude=45.756, longitude=4.833]
3
Intersection [id=4, latitude=45.757, longitude=4.834]
]]></system-out>
  </testcase>
  <testcase name="testChargerPlanDepuisXML" classname="tests.PlanTest" time="0.438">
    <system-out><![CDATA[Tronçon: 2684668925 -> 2509481775, Longueur: 97.249695m, Rue: Rue Château-Gaillard
Tronçon: 2684668925 -> 190823183, Longueur: 62.401424m, Rue: Rue Château-Gaillard
Tronçon: 2684668925 -> 190825078, Longueur: 77.52319m, Rue: Rue Château-Gaillard
Tronçon: 25319182 -> 34385840, Longueur: 245.00311m, Rue: Cours Lafayette
Tronçon: 25319182 -> 264496810, Longueur: 70.75526m, Rue: Rue Duguesclin
Tronçon: 25319181 -> 25319177, Longueur: 82.31676m, Rue: Rue Juliette Récamier
Tronçon: 25319181 -> 25319178, Longueur: 64.50571m, Rue: Cours Lafayette
Tronçon: 25319183 -> 25327137, Longueur: 54.148617m, Rue: Rue de Créqui
Tronçon: 25319183 -> 25319182, Longueur: 95.71332m, Rue: Cours Lafayette
Tronçon: 1850080438 -> 251049182, Longueur: 86.854355m, Rue: Rue de la Fraternité
Tronçon: 1850080438 -> 25611395, Longueur: 89.326126m, Rue: Route de Genas
Tronçon: 25319177 -> 25310897, Longueur: 41.39296m, Rue: Rue Juliette Récamier
Tronçon: 25319177 -> 25310898, Longueur: 28.05534m, Rue: Rue Tête d'Or
Tronçon: 25319178 -> 25319177, Longueur: 60.551334m, Rue: Rue Tête d'Or
Tronçon: 25319178 -> 1682324863, Longueur: 136.3551m, Rue: Cours Lafayette
Tronçon: 2292223595 -> 245023120, Longueur: 64.90494m, Rue: Rue Jean Jaurès
Tronçon: 2292223595 -> 2066074371, Longueur: 217.54007m, Rue: Rue Emile Bender
Tronçon: 2292223595 -> 245023123, Longueur: 70.26581m, Rue: Rue Jean Jaurès
Tronçon: 239601996 -> 240470314, Longueur: 221.16014m, Rue: Avenue Doyen Jean Lépine
Tronçon: 239601996 -> 2858197804, Longueur: 140.8508m, Rue: Avenue Doyen Jean Lépine
Tronçon: 239601996 -> 239602381, Longueur: 179.74854m, Rue: Rue des Genêts
Tronçon: 25610684 -> 25610688, Longueur: 13.393311m, Rue: Boulevard Pinel
Tronçon: 25610684 -> 1921830160, Longueur: 178.51085m, Rue: Boulevard Pinel
Tronçon: 25610684 -> 25610709, Longueur: 22.654398m, Rue: Boulevard Pinel
Tronçon: 25610688 -> 25610707, Longueur: 35.041103m, Rue: Boulevard Pinel
Tronçon: 25610688 -> 25610684, Longueur: 13.393311m, Rue: Boulevard Pinel
Tronçon: 35221958 -> 35221969, Longueur: 83.152885m, Rue: Rue Jean-Baptiste Say
Tronçon: 3932053909 -> 252626816, Longueur: 234.13585m, Rue: Rue d'HanoïRue Henri Rolland
Tronçon: 3932053909 -> 25618218, Longueur: 123.68092m, Rue: Avenue Antoine Dutrievoz Avenue Thiers
Tronçon: 3932053909 -> 25618436, Longueur: 52.751087m, Rue: Rue d'Hanoï
Tronçon: 3932053909 -> 24644518, Longueur: 132.26596m, Rue: Avenue Antoine Dutrievoz
Tronçon: 3095792653 -> 3095792647, Longueur: 69.62637m, Rue: Rue Anna Marly
Tronçon: 3095792653 -> 26120306, Longueur: 78.154526m, Rue: Passage Faugier
Tronçon: 3095792653 -> 26120310, Longueur: 69.047966m, Rue: Passage Faugier
Tronçon: 270298921 -> 270298919, Longueur: 125.58841m, Rue: Rue Louis Tixier
Tronçon: 270298921 -> 270298916, Longueur: 237.68938m, Rue: Rue Albert Morel Rue Gaston Cotte
Tronçon: 270298921 -> 270298918, Longueur: 78.20654m, Rue: Rue Albert Morel
Tronçon: 3095792647 -> 3095792653, Longueur: 69.62637m, Rue: Rue Anna Marly
Tronçon: 3095792647 -> 569061956, Longueur: 78.57565m, Rue: Impasse de l'Asphalte
Tronçon: 3095792647 -> 26120310, Longueur: 146.88342m, Rue: Impasse de l'Asphalte
Tronçon: 26053894 -> 26053248, Longueur: 52.640385m, Rue: Rue de la Part-Dieu
Tronçon: 26053894 -> 25719220, Longueur: 90.57062m, Rue: Cours de la Liberté
Tronçon: 25321469 -> 25321456, Longueur: 90.44906m, Rue: Rue Feuillat
Tronçon: 55435089 -> 191134633, Longueur: 154.78743m, Rue: Rue Burais
Tronçon: 55435089 -> 55435003, Longueur: 64.29078m, Rue: Rue Léon Blum
Tronçon: 55435089 -> 55435139, Longueur: 98.5397m, Rue: Rue Léon Blum
Tronçon: 21703589 -> 21703587, Longueur: 120.261284m, Rue: Rue du Docteur Victor Despeignes
Tronçon: 21703589 -> 21703590, Longueur: 13.686849m, Rue: Place du Professeur Joseph Renaut
Tronçon: 21703589 -> 21703591, Longueur: 36.09041m, Rue: Place du Professeur Joseph Renaut
Tronçon: 95836805 -> 26058995, Longueur: 107.75901m, Rue: Place Jean Macé
Tronçon: 95836805 -> 2365927996, Longueur: 139.7962m, Rue: Avenue Jean Jaurès
Tronçon: 21703587 -> 21702422, Longueur: 137.8041m, Rue: Passage des Alouettes
Tronçon: 21703587 -> 21703594, Longueur: 86.98997m, Rue: Passage des Alouettes
Tronçon: 21703587 -> 21703589, Longueur: 120.261284m, Rue: Rue du Docteur Victor Despeignes
Tronçon: 55447043 -> 55447041, Longueur: 80.0538m, Rue: Rue du 4 Août 1789
Tronçon: 55447043 -> 55457354, Longueur: 198.94957m, Rue: Rue Racine
Tronçon: 55447043 -> 1439751395, Longueur: 94.62796m, Rue: Rue Racine
Tronçon: 55447041 -> 55447040, Longueur: 97.26225m, Rue: Rue du 4 Août 1789
Tronçon: 55447041 -> 55447043, Longueur: 80.0538m, Rue: Rue du 4 Août 1789
Tronçon: 55447041 -> 249081135, Longueur: 259.66147m, Rue: Rue Baudelaire
Tronçon: 55447040 -> 58584528, Longueur: 62.26294m, Rue: Rue Paul Verlaine
Tronçon: 55447040 -> 55447041, Longueur: 97.26225m, Rue: Rue du 4 Août 1789
Tronçon: 55447040 -> 58584538, Longueur: 59.4986m, Rue: Rue du 4 Août 1789
Tronçon: 55447040 -> 249122723, Longueur: 114.7658m, Rue: Rue Paul Verlaine
Tronçon: 1433928362 -> 60685048, Longueur: 32.259502m, Rue: Rue Melzet
Tronçon: 1433928362 -> 1433928351, Longueur: 71.52899m, Rue: Place Wilson
Tronçon: 55447034 -> 60491712, Longueur: 96.50716m, Rue: Avenue Auguste Blanqui
Tronçon: 55447034 -> 58584489, Longueur: 157.56934m, Rue: Rue du 4 Août 1789
Tronçon: 55447034 -> 58584503, Longueur: 193.32808m, Rue: Rue Docteur Rollet
Tronçon: 2606641710 -> 25722297, Longueur: 19.941236m, Rue: Rue Duquesne
Tronçon: 2606641710 -> 2606667675, Longueur: 14.748209m, Rue: Avenue de Grande-Bretagne
Tronçon: 2606641710 -> 2606641713, Longueur: 46.311558m, Rue: Avenue de Grande-Bretagne
Tronçon: 55447039 -> 55447037, Longueur: 99.05025m, Rue: Rue du 4 Août 1789
Tronçon: 55447037 -> 60491716, Longueur: 7.945504m, Rue: Rue du 4 Août 1789
Tronçon: 25319190 -> 25319196, Longueur: 87.59757m, Rue: Avenue du Maréchal de Saxe
Tronçon: 25319190 -> 25319302, Longueur: 82.42917m, Rue: Cours Lafayette
Tronçon: 25319193 -> 25327136, Longueur: 53.318466m, Rue: Rue Vendôme
Tronçon: 25319193 -> 1606993790, Longueur: 18.947857m, Rue: Rue Louis Blanc
Tronçon: 25319195 -> 639567628, Longueur: 32.22235m, Rue: Avenue du Maréchal de Saxe
Tronçon: 25319194 -> 21604552, Longueur: 84.30736m, Rue: Rue Vauban
Tronçon: 25319194 -> 25319193, Longueur: 70.440254m, Rue: Rue Vendôme
Tronçon: 25319196 -> 21604552, Longueur: 69.36976m, Rue: Avenue du Maréchal de Saxe
Tronçon: 25319196 -> 25319193, Longueur: 83.11867m, Rue: Rue Fénelon
Tronçon: 21703591 -> 21703598, Longueur: 37.43976m, Rue: Rue Nungesser et Coli
Tronçon: 21703591 -> 21703590, Longueur: 23.8622m, Rue: Place du Professeur Joseph Renaut
Tronçon: 21703591 -> 21703589, Longueur: 36.09041m, Rue: Place du Professeur Joseph Renaut
Tronçon: 21703590 -> 21703595, Longueur: 91.51855m, Rue: Rue du Professeur Joseph Renaut
Tronçon: 21703590 -> 21703589, Longueur: 13.686849m, Rue: Place du Professeur Joseph Renaut
Tronçon: 21703590 -> 21703591, Longueur: 23.8622m, Rue: Place du Professeur Joseph Renaut
Tronçon: 21703596 -> 21703595, Longueur: 81.20731m, Rue: Rue Louis Cézard
Tronçon: 21703596 -> 21703598, Longueur: 106.17174m, Rue: Rue Gabriel Sarrazin
Tronçon: 21703595 -> 21703596, Longueur: 81.20731m, Rue: Rue Louis Cézard
Tronçon: 21703595 -> 21703594, Longueur: 126.292145m, Rue: Rue Louis Cézard
Tronçon: 21703595 -> 21704335, Longueur: 107.66819m, Rue: Rue Président Krüger
Tronçon: 21703594 -> 2920302042, Longueur: 129.51945m, Rue: Passage des Alouettes
Tronçon: 21703594 -> 21703587, Longueur: 86.98997m, Rue: Passage des Alouettes
Tronçon: 21703594 -> 21703595, Longueur: 126.292145m, Rue: Rue Louis Cézard
Tronçon: 2606641713 -> 25316194, Longueur: 62.841774m, Rue: Place d'Helvétie
Tronçon: 2606641713 -> 746310128, Longueur: 131.96497m, Rue: Avenue de Grande-Bretagne
Tronçon: 21703598 -> 21704344, Longueur: 86.61062m, Rue: Rue Nungesser et Coli
Tronçon: 21703598 -> 21703591, Longueur: 37.43976m, Rue: Rue Nungesser et Coli
Tronçon: 55435051 -> 55435003, Longueur: 23.662397m, Rue: Rue Léon Blum
Tronçon: 55435051 -> 191134642, Longueur: 151.08218m, Rue: Rue Général Leclerc
Tronçon: 55435051 -> 55463781, Longueur: 259.3823m, Rue: Place Jules Grandclément
Tronçon: 55447029 -> 55447024, Longueur: 169.93988m, Rue: Rue du 4 Août 1789
Tronçon: 55447029 -> 60491713, Longueur: 313.27414m, Rue: Rue Camille Koechlin
Tronçon: 1042749170 -> 1042749309, Longueur: 91.65983m, Rue: 
Tronçon: 1042749170 -> 25316191, Longueur: 40.403606m, Rue: Avenue Maréchal Foch
Tronçon: 55429279 -> 602510192, Longueur: 130.1075m, Rue: 
Tronçon: 55429279 -> 1637479782, Longueur: 176.79564m, Rue: 
Tronçon: 25321422 -> 25321408, Longueur: 15.331951m, Rue: Rue du Docteur Rebatel
Tronçon: 25321422 -> 1288817934, Longueur: 250.5025m, Rue: Rue de Montbrillant
Tronçon: 25152159 -> 26576961, Longueur: 41.47423m, Rue: Rue Claude Veyron
Tronçon: 25152159 -> 1036842122, Longueur: 173.61807m, Rue: Boulevard des Tchécoslovaques
Tronçon: 382011406 -> 21855792, Longueur: 115.74817m, Rue: Avenue Berthelot
Tronçon: 382011406 -> 25468085, Longueur: 20.11262m, Rue: Boulevard des États-Unis
Tronçon: 4428355731 -> 195263, Longueur: 13.370239m, Rue: Rue du Général Mouton-Duvernet
Tronçon: 4428355731 -> 195261, Longueur: 348.3609m, Rue: Rue du Général Mouton-Duvernet
Tronçon: 4428355731 -> 25336175, Longueur: 514.477m, Rue: Rue Jeanne Hachette
Tronçon: 382011402 -> 21992645, Longueur: 49.655235m, Rue: Rue Audibert et Lavirotte
Tronçon: 382011402 -> 382011406, Longueur: 34.71358m, Rue: Avenue Berthelot
Tronçon: 382011401 -> 25470916, Longueur: 21.197094m, Rue: Rue Audibert et Lavirotte
Tronçon: 382011401 -> 1643908326, Longueur: 54.218502m, Rue: Rue Audibert et Lavirotte
Tronçon: 1042749162 -> 761253220, Longueur: 64.14251m, Rue: Place Edgar Quinet
Tronçon: 25321433 -> 25321422, Longueur: 77.777405m, Rue: Rue du Docteur Rebatel
Tronçon: 16050062 -> 21674798, Longueur: 86.47221m, Rue: Rue Vendôme
Tronçon: 16050062 -> 25719223, Longueur: 89.21843m, Rue: Cours Franklin Roosevelt
Tronçon: 1433928351 -> 252626869, Longueur: 80.58995m, Rue: Place Wilson
Tronçon: 475003534 -> 25334284, Longueur: 121.22236m, Rue: Rue du Premier Film
Tronçon: 475003534 -> 25334263, Longueur: 56.788273m, Rue: Rue du Premier Film
Tronçon: 692874633 -> 26106489, Longueur: 12.757768m, Rue: Rue du Président Édouard Herriot
Tronçon: 692874633 -> 692874653, Longueur: 72.61111m, Rue: Rue Saint-Nizier
Tronçon: 4295013306 -> 195241, Longueur: 30.179918m, Rue: Rue Garibaldi
Tronçon: 4295013306 -> 195242, Longueur: 12.497278m, Rue: Rue Garibaldi
Tronçon: 4295013306 -> 1502674588, Longueur: 23.91031m, Rue: Rue Camille Roy
Tronçon: 25321447 -> 2129259178, Longueur: 50.40357m, Rue: Avenue Lacassagne
Tronçon: 25321447 -> 25336247, Longueur: 32.53504m, Rue: Rue du Docteur Rebatel
Tronçon: 4295013309 -> 195242, Longueur: 9.7660475m, Rue: Rue Garibaldi
Tronçon: 4295013309 -> 1502674588, Longueur: 16.318165m, Rue: Rue Camille Roy
Tronçon: 26576932 -> 25152159, Longueur: 176.41335m, Rue: Boulevard des Tchécoslovaques
Tronçon: 25152142 -> 25152442, Longueur: 106.956116m, Rue: Rue Claude Veyron
Tronçon: 25152142 -> 25152444, Longueur: 147.01945m, Rue: Rue du Docteur Crestin
Tronçon: 25321456 -> 25321433, Longueur: 174.66516m, Rue: Rue Fiol
Tronçon: 25321456 -> 25303831, Longueur: 64.89446m, Rue: Rue Feuillat
Tronçon: 1395793341 -> 245054761, Longueur: 70.45756m, Rue: Rue Sigismond Brissy
Tronçon: 1395793336 -> 21714985, Longueur: 74.025635m, Rue: Rue Lionel Terray
Tronçon: 26575616 -> 195231, Longueur: 80.52355m, Rue: Quai du Docteur Gailleton
Tronçon: 26575616 -> 1037257431, Longueur: 139.07611m, Rue: Rue Sala
Tronçon: 1395793339 -> 1778329200, Longueur: 5.533777m, Rue: Avenue Jean Mermoz
Tronçon: 1395793338 -> 245054756, Longueur: 37.436825m, Rue: Rue de Solesmes
Tronçon: 26575615 -> 26575616, Longueur: 90.99193m, Rue: Quai du Docteur Gailleton
Tronçon: 26014245 -> 26016372, Longueur: 19.679756m, Rue: Pont du Maréchal Juin
Tronçon: 26014245 -> 26016370, Longueur: 38.02566m, Rue: Pont du Maréchal Juin
Tronçon: 24485922 -> 24485763, Longueur: 96.18068m, Rue: Rue de la Charité
Tronçon: 55429236 -> 55416694, Longueur: 208.42361m, Rue: 
Tronçon: 194609787 -> 194605282, Longueur: 72.37379m, Rue: Avenue Franklin Roosevelt
Tronçon: 692874655 -> 26106488, Longueur: 5.8443303m, Rue: Rue du Président Édouard Herriot
Tronçon: 1291421577 -> 58584515, Longueur: 78.30088m, Rue: Rue Racine
Tronçon: 1291421577 -> 866520453, Longueur: 114.3221m, Rue: Rue Racine
Tronçon: 1291421577 -> 1291421565, Longueur: 66.95444m, Rue: Rue Malherbe
Tronçon: 26576954 -> 3393859904, Longueur: 197.8001m, Rue: Boulevard Vivier-Merle
Tronçon: 26576954 -> 26121686, Longueur: 115.87691m, Rue: Boulevard des Tchécoslovaques
Tronçon: 26575623 -> 26575622, Longueur: 137.58585m, Rue: Quai du Docteur Gailleton
Tronçon: 26576955 -> 26576953, Longueur: 26.196728m, Rue: Grande Rue de la Guillotière
Tronçon: 26576955 -> 2477791932, Longueur: 10.054522m, Rue: Boulevard des Tchécoslovaques
Tronçon: 692874653 -> 692874633, Longueur: 72.61111m, Rue: Rue Saint-Nizier
Tronçon: 26576953 -> 26576954, Longueur: 26.16321m, Rue: Grande Rue de la Guillotière
Tronçon: 26576953 -> 18697372, Longueur: 34.76711m, Rue: Grande Rue de la Guillotière
Tronçon: 26575622 -> 3101723973, Longueur: 8.918993m, Rue: Quai du Docteur Gailleton
Tronçon: 3208799313 -> 26059102, Longueur: 108.74578m, Rue: Rue Garibaldi
Tronçon: 1291421565 -> 87883332, Longueur: 48.738377m, Rue: Rue Michel Servet
Tronçon: 26576965 -> 33065924, Longueur: 27.023342m, Rue: Avenue Georges Pompidou
Tronçon: 26576965 -> 2069548756, Longueur: 343.10223m, Rue: Boulevard Vivier-Merle
Tronçon: 26576965 -> 254580798, Longueur: 432.52563m, Rue: Boulevard Vivier-Merle Rue Servient
Tronçon: 26576961 -> 25152142, Longueur: 211.57678m, Rue: Rue Claude Veyron
Tronçon: 26576963 -> 2117622739, Longueur: 47.98013m, Rue: Rue Lavoisier
Tronçon: 26576963 -> 26057055, Longueur: 214.2913m, Rue: Boulevard Vivier-Merle
Tronçon: 26576964 -> 26086273, Longueur: 170.0761m, Rue: Rue Desaix
Tronçon: 26576964 -> 33065924, Longueur: 122.99652m, Rue: Boulevard Vivier-Merle
Tronçon: 26576964 -> 26576965, Longueur: 123.08343m, Rue: Boulevard Vivier-Merle
Tronçon: 1042749196 -> 1606993794, Longueur: 60.281635m, Rue: Place Edgar Quinet
Tronçon: 1042749196 -> 25327132, Longueur: 29.504574m, Rue: Rue de Créqui
Tronçon: 25321408 -> 25321469, Longueur: 191.91711m, Rue: Rue Élie Paris
Tronçon: 25321408 -> 25321407, Longueur: 46.197845m, Rue: Rue du Docteur Rebatel
Tronçon: 25321407 -> 25321359, Longueur: 85.53022m, Rue: Rue du Docteur Rebatel
Tronçon: 1603856892 -> 640541652, Longueur: 96.13519m, Rue: 
Tronçon: 1603856892 -> 25336254, Longueur: 96.2063m, Rue: Avenue Lacassagne
Tronçon: 194609753 -> 244499768, Longueur: 266.86826m, Rue: 
Tronçon: 194609753 -> 194609787, Longueur: 221.90567m, Rue: 
Tronçon: 2465004181 -> 59654830, Longueur: 67.70757m, Rue: 
Tronçon: 649791305 -> 649791301, Longueur: 129.587m, Rue: 
Tronçon: 190817699 -> 190823168, Longueur: 184.64114m, Rue: Rue Antoine Bernoux
Tronçon: 190817699 -> 1637473441, Longueur: 93.22329m, Rue: Rue Francis de Pressensé
Tronçon: 190817699 -> 1608224794, Longueur: 169.40483m, Rue: Rue de la Prévoyance
Tronçon: 190817699 -> 1637473443, Longueur: 145.49454m, Rue: Rue Francis de Pressensé
Tronçon: 649791301 -> 649791305, Longueur: 129.587m, Rue: 
Tronçon: 649791301 -> 25303806, Longueur: 87.625015m, Rue: Rue Trarieux
Tronçon: 4034132513 -> 868438829, Longueur: 93.40485m, Rue: Place du Château
Tronçon: 4034132513 -> 26155423, Longueur: 72.23583m, Rue: Cours Eugénie
Tronçon: 1036842196 -> 1036842114, Longueur: 118.46849m, Rue: Boulevard Vivier-Merle
Tronçon: 1036842196 -> 479185301, Longueur: 50.411644m, Rue: Rue de l'Abbé Boisard
Tronçon: 2234398946 -> 1468823679, Longueur: 20.455454m, Rue: 
Tronçon: 2234398946 -> 1468823683, Longueur: 15.052049m, Rue: Cours d'Herbouville
Tronçon: 26058690 -> 21674903, Longueur: 61.41536m, Rue: Quai Claude Bernard
Tronçon: 2600872714 -> 2600872721, Longueur: 39.35213m, Rue: Route de Vienne
Tronçon: 2600872714 -> 9214813, Longueur: 43.242165m, Rue: Avenue Berthelot
Tronçon: 26058685 -> 26058652, Longueur: 66.58742m, Rue: Place Gabriel Péri
Tronçon: 2628204947 -> 26086306, Longueur: 55.656025m, Rue: Rue Jules Jusserand
Tronçon: 2628204947 -> 2628204935, Longueur: 23.173843m, Rue: Rue Jules Jusserand
Tronçon: 26058687 -> 195282, Longueur: 103.77906m, Rue: Place Raspail
Tronçon: 277046124 -> 26059236, Longueur: 34.538048m, Rue: Rue Salomon Reinach
Tronçon: 1472054610 -> 26106464, Longueur: 30.70738m, Rue: Rue Pizay
Tronçon: 1036842184 -> 25306024, Longueur: 136.5443m, Rue: Rue Alphonse Daudet
Tronçon: 1036842184 -> 25306030, Longueur: 141.14146m, Rue: Rue Rachais
Tronçon: 1036842184 -> 15925438, Longueur: 106.73586m, Rue: Rue Rachais
Tronçon: 71262664 -> 71261880, Longueur: 259.1043m, Rue: Rue Marteret Rue Marguerite
Tronçon: 71262664 -> 71263057, Longueur: 80.88128m, Rue: Rue de Bruxelles
Tronçon: 71262664 -> 71261882, Longueur: 182.23048m, Rue: Rue de Bruxelles
Tronçon: 71262664 -> 110422060, Longueur: 114.800476m, Rue: Rue Marteret
Tronçon: 1608270646 -> 197310460, Longueur: 246.14716m, Rue: 
Tronçon: 190817691 -> 190817734, Longueur: 11.395242m, Rue: Rue Francis de Pressensé
Tronçon: 190817691 -> 190817752, Longueur: 65.21393m, Rue: Rue Francis de Pressensé
Tronçon: 190817691 -> 2471166661, Longueur: 111.726494m, Rue: Avenue du Commandant L'Herminier
Tronçon: 26058664 -> 663650234, Longueur: 60.15949m, Rue: Rue Basse Combalot
Tronçon: 26058664 -> 26058685, Longueur: 79.4686m, Rue: Rue Basse Combalot
Tronçon: 959373590 -> 2865332640, Longueur: 14.583651m, Rue: Rue Antoine Salles
Tronçon: 959373590 -> 959373467, Longueur: 25.950638m, Rue: Place des Cordeliers
Tronçon: 7300874 -> 25321323, Longueur: 163.53062m, Rue: Rue Feuillat
Tronçon: 7300874 -> 7300862, Longueur: 116.611374m, Rue: Cours Albert Thomas
Tronçon: 1703401805 -> 25451370, Longueur: 110.58808m, Rue: Rue des Tuiliers
Tronçon: 1703401805 -> 25334442, Longueur: 85.21657m, Rue: Rue Saint-Maximin
Tronçon: 33062369 -> 26294955, Longueur: 57.136112m, Rue: Rue Curtelin
Tronçon: 33062369 -> 33062371, Longueur: 46.169643m, Rue: Avenue Thiers
Tronçon: 316534721 -> 1370403178, Longueur: 151.04948m, Rue: 
Tronçon: 316534721 -> 240348244, Longueur: 142.90846m, Rue: 
Tronçon: 7300862 -> 1519682890, Longueur: 102.612526m, Rue: Cours Albert Thomas
Tronçon: 7300862 -> 293585811, Longueur: 60.165756m, Rue: Rue du Docteur Bonhomme
Tronçon: 7300867 -> 21704353, Longueur: 32.789703m, Rue: Avenue des Frères Lumière
Tronçon: 7300869 -> 21604592, Longueur: 64.421974m, Rue: Avenue des Frères Lumière
Tronçon: 7300869 -> 7300874, Longueur: 120.29001m, Rue: Rue Maryse Bastié
Tronçon: 3760142306 -> 452908361, Longueur: 7.621921m, Rue: 
Tronçon: 3760142306 -> 245026019, Longueur: 53.75648m, Rue: Avenue Édouard Herriot
Tronçon: 3760142308 -> 452908361, Longueur: 27.062717m, Rue: 
Tronçon: 8358135 -> 7470129, Longueur: 240.46532m, Rue: Pont Wilson
Tronçon: 8358135 -> 26009837, Longueur: 101.68714m, Rue: Quai Victor Augagneur
Tronçon: 33062371 -> 25618218, Longueur: 77.128426m, Rue: Avenue Thiers
Tronçon: 33062371 -> 378212445, Longueur: 105.28068m, Rue: Rue des Émeraudes
Tronçon: 1475230728 -> 25153076, Longueur: 82.78729m, Rue: Rue Saint-Lazare
Tronçon: 1475230727 -> 18697411, Longueur: 32.494328m, Rue: Rue Saint-Lazare
Tronçon: 1475230727 -> 25153102, Longueur: 6.215994m, Rue: Rue de la Thibaudière
Tronçon: 1475230727 -> 25153103, Longueur: 106.88424m, Rue: Rue de la Thibaudière
Tronçon: 1475230723 -> 18697411, Longueur: 6.810487m, Rue: Rue du Béguin
Tronçon: 1475230723 -> 25153102, Longueur: 32.348866m, Rue: Rue de la Madeleine
Tronçon: 25478602 -> 25478600, Longueur: 74.567635m, Rue: Rue des Capucins
Tronçon: 25478602 -> 25478604, Longueur: 51.480854m, Rue: Rue Coustou
Tronçon: 25478600 -> 26726770, Longueur: 154.72166m, Rue: Rue Sergent Blandan Rue des Capucins
Tronçon: 25478600 -> 35224285, Longueur: 37.699158m, Rue: Rue de l'Abbé Rozier
Tronçon: 25478604 -> 35224314, Longueur: 72.45003m, Rue: Rue Romarin
Tronçon: 25478608 -> 25478610, Longueur: 68.630806m, Rue: Rue Terraille
Tronçon: 25478608 -> 25478604, Longueur: 44.6756m, Rue: Rue Romarin
Tronçon: 26033312 -> 26033320, Longueur: 17.776052m, Rue: Rue Léon Jouhaux
Tronçon: 26033312 -> 4543355753, Longueur: 57.78458m, Rue: Place des Martyrs de la Résistance
Tronçon: 26033313 -> 26033460, Longueur: 75.71828m, Rue: Rue André Philip
Tronçon: 26033313 -> 25258759, Longueur: 77.971504m, Rue: Rue Mazenod
Tronçon: 21703544 -> 21703552, Longueur: 22.184088m, Rue: Rue Bataille
Tronçon: 25610704 -> 25610707, Longueur: 10.947163m, Rue: Boulevard Pinel
Tronçon: 25610704 -> 25610709, Longueur: 15.771056m, Rue: Boulevard Pinel
Tronçon: 411275577 -> 21604559, Longueur: 201.30579m, Rue: Avenue du Château de Gerland
Tronçon: 26033310 -> 26033322, Longueur: 57.594784m, Rue: Rue de la Bannière
Tronçon: 26033310 -> 26033311, Longueur: 74.43178m, Rue: Rue de la Rize
Tronçon: 25610709 -> 25610704, Longueur: 15.771056m, Rue: Boulevard Pinel
Tronçon: 25610709 -> 25610684, Longueur: 22.654398m, Rue: Boulevard Pinel
Tronçon: 25610709 -> 26464255, Longueur: 97.84345m, Rue: Avenue Esquirol
Tronçon: 26033311 -> 26033312, Longueur: 76.4319m, Rue: Rue de la Rize
Tronçon: 26033311 -> 26033234, Longueur: 65.70454m, Rue: Rue du Lac
Tronçon: 25610707 -> 25610704, Longueur: 10.947163m, Rue: Boulevard Pinel
Tronçon: 25610707 -> 25610688, Longueur: 35.041103m, Rue: Boulevard Pinel
Tronçon: 25610707 -> 25611046, Longueur: 141.30153m, Rue: Boulevard Pinel
Tronçon: 25478610 -> 25478613, Longueur: 42.43363m, Rue: Rue Terraille
Tronçon: 25478613 -> 35291281, Longueur: 45.105824m, Rue: Rue du Griffon
Tronçon: 25478611 -> 25478610, Longueur: 44.583275m, Rue: Rue Saint-Claude
Tronçon: 25478611 -> 2637313119, Longueur: 26.222342m, Rue: Rue Lorette
Tronçon: 25478618 -> 3370408164, Longueur: 35.80819m, Rue: Rue Romarin
Tronçon: 1036842122 -> 3393859904, Longueur: 271.85742m, Rue: Boulevard Vivier-Merle
Tronçon: 1036842122 -> 2841904735, Longueur: 273.7198m, Rue: Boulevard des Tchécoslovaques
Tronçon: 26033326 -> 26033277, Longueur: 65.436676m, Rue: Rue des Rancy
Tronçon: 26033326 -> 92375974, Longueur: 69.9046m, Rue: Rue Lavoisier
Tronçon: 26033323 -> 26033236, Longueur: 34.939575m, Rue: Rue d'Essling
Tronçon: 26033323 -> 26033310, Longueur: 67.87121m, Rue: Rue de la Rize
Tronçon: 1036842114 -> 1036842078, Longueur: 26.84361m, Rue: 
Tronçon: 1036842114 -> 2841904730, Longueur: 28.104166m, Rue: Boulevard Vivier-Merle
Tronçon: 26033324 -> 975886496, Longueur: 22.768776m, Rue: Rue Danton
Tronçon: 26033324 -> 362076524, Longueur: 68.8328m, Rue: Rue Paul Bert
Tronçon: 26033324 -> 92375975, Longueur: 29.939322m, Rue: Rue Paul Bert
Tronçon: 26033321 -> 26033320, Longueur: 70.58979m, Rue: Rue Paul Bert
Tronçon: 26033321 -> 26033322, Longueur: 70.9815m, Rue: Rue Paul Bert
Tronçon: 26033321 -> 26033311, Longueur: 38.587482m, Rue: Rue du Lac
Tronçon: 26033322 -> 26033321, Longueur: 70.9815m, Rue: Rue Paul Bert
Tronçon: 26033322 -> 362076524, Longueur: 71.00682m, Rue: Rue Paul Bert
Tronçon: 26033320 -> 26033321, Longueur: 70.58979m, Rue: Rue Paul Bert
Tronçon: 26033320 -> 4543355754, Longueur: 63.69394m, Rue: Rue Paul Bert
Tronçon: 55435139 -> 191134610, Longueur: 165.10846m, Rue: Rue Poizat
Tronçon: 55435139 -> 55435089, Longueur: 98.5397m, Rue: Rue Léon Blum
Tronçon: 55435139 -> 55444018, Longueur: 179.7698m, Rue: Rue Léon Blum
Tronçon: 27359754 -> 27359824, Longueur: 12.433764m, Rue: Route de Vienne
Tronçon: 3760085988 -> 644880770, Longueur: 7.9133387m, Rue: Rue Nungesser et Coli
Tronçon: 27359753 -> 600873562, Longueur: 55.561947m, Rue: Route de Vienne
Tronçon: 27359753 -> 27359754, Longueur: 135.72275m, Rue: Route de Vienne
Tronçon: 197310460 -> 1608270646, Longueur: 246.14716m, Rue: 
Tronçon: 197310460 -> 197288369, Longueur: 102.83602m, Rue: Rue des Jardins
Tronçon: 197310460 -> 197395453, Longueur: 60.392612m, Rue: Rue des Jardins
Tronçon: 21703552 -> 143431, Longueur: 57.092308m, Rue: Rue Marius Berliet
Tronçon: 27359745 -> 27359746, Longueur: 167.06676m, Rue: Rue Benoît Bernard
Tronçon: 27359745 -> 25549075, Longueur: 82.10423m, Rue: Route de Vienne
Tronçon: 27359745 -> 25549077, Longueur: 86.06249m, Rue: Route de Vienne
Tronçon: 27359746 -> 21604585, Longueur: 75.148865m, Rue: Rue Auguste Chollat
Tronçon: 270298916 -> 270298921, Longueur: 237.68938m, Rue: Rue Albert Morel Rue Gaston Cotte
Tronçon: 270298916 -> 270298919, Longueur: 116.7751m, Rue: Rue de Narvik
Tronçon: 270298916 -> 27362911, Longueur: 21.632996m, Rue: Rue de Narvik
Tronçon: 270298919 -> 270298921, Longueur: 125.58841m, Rue: Rue Louis Tixier
Tronçon: 270298919 -> 270298916, Longueur: 116.7751m, Rue: Rue de Narvik
Tronçon: 270298919 -> 27362917, Longueur: 37.965347m, Rue: Rue de Narvik
Tronçon: 270298918 -> 270298921, Longueur: 78.20654m, Rue: Rue Albert Morel
Tronçon: 270298918 -> 1297007321, Longueur: 138.05183m, Rue: Rue Louis Hugonnencq
Tronçon: 270298918 -> 270298879, Longueur: 61.843884m, Rue: Rue Louis Hugonnencq
Tronçon: 1468818354 -> 130144281, Longueur: 88.560616m, Rue: Montée de la Boucle
Tronçon: 1468818354 -> 3020991190, Longueur: 67.58928m, Rue: Montée de la Boucle
Tronçon: 26058651 -> 195253, Longueur: 24.089443m, Rue: Cours Gambetta
Tronçon: 26058651 -> 26058685, Longueur: 36.296955m, Rue: Place Gabriel Péri
Tronçon: 26058653 -> 21674904, Longueur: 61.74081m, Rue: Rue de Marseille
Tronçon: 26058653 -> 26058160, Longueur: 81.47149m, Rue: Rue d'Aguesseau
Tronçon: 26058652 -> 26058653, Longueur: 71.88263m, Rue: Rue de Marseille
Tronçon: 26058652 -> 26058174, Longueur: 79.654884m, Rue: Rue Passet
Tronçon: 26058652 -> 26079757, Longueur: 80.66894m, Rue: Rue Béchevelin
Tronçon: 1297040323 -> 1297040320, Longueur: 15.747314m, Rue: Rue Robert
Tronçon: 1297040320 -> 34385832, Longueur: 42.035843m, Rue: Rue Robert
Tronçon: 1297040321 -> 25327138, Longueur: 42.007122m, Rue: Rue Robert
Tronçon: 1297040327 -> 1297040311, Longueur: 57.62582m, Rue: Rue Dussaussoy
Tronçon: 1297040327 -> 25327143, Longueur: 70.92833m, Rue: Rue Vauban
Tronçon: 1036025445 -> 26054497, Longueur: 23.156942m, Rue: Cours de la Liberté
Tronçon: 1036025445 -> 1036025386, Longueur: 33.848526m, Rue: Cours de la Liberté
Tronçon: 35221969 -> 35291579, Longueur: 156.67216m, Rue: Rue Lemot Rue Pouteau
Tronçon: 35221969 -> 1513320571, Longueur: 242.11798m, Rue: Rue Général de Sève Rue Vaucanson
Tronçon: 2628204935 -> 25173843, Longueur: 25.827948m, Rue: Cours Gambetta
Tronçon: 2628204930 -> 2628204947, Longueur: 27.737946m, Rue: Rue Jules Jusserand
Tronçon: 2628204930 -> 2628204935, Longueur: 24.119152m, Rue: Cours Gambetta
Tronçon: 1297040311 -> 1297040317, Longueur: 62.532154m, Rue: Rue Amédée Bonnet
Tronçon: 1297040311 -> 1297040310, Longueur: 56.7956m, Rue: Rue Dussaussoy
Tronçon: 1297040310 -> 25327131, Longueur: 70.93206m, Rue: Rue Bugeaud
Tronçon: 25614299 -> 26057008, Longueur: 136.64671m, Rue: Quai Victor Augagneur
Tronçon: 25614299 -> 25614303, Longueur: 29.487001m, Rue: Cours Lafayette
Tronçon: 1297040317 -> 1297040311, Longueur: 62.532154m, Rue: Rue Amédée Bonnet
Tronçon: 1297040317 -> 25327144, Longueur: 57.24442m, Rue: Rue Boileau
Tronçon: 1297040317 -> 1297040313, Longueur: 96.01771m, Rue: Rue Amédée Bonnet
Tronçon: 1297040318 -> 554199961, Longueur: 52.30101m, Rue: Rue Boileau
Tronçon: 1297040318 -> 21674895, Longueur: 133.14977m, Rue: Cours Franklin Roosevelt
Tronçon: 2600872721 -> 25495298, Longueur: 12.07206m, Rue: Route de Vienne
Tronçon: 26022694 -> 25733776, Longueur: 175.51793m, Rue: Avenue Verguin
Tronçon: 26022694 -> 270473912, Longueur: 122.2366m, Rue: Avenue Verguin
Tronçon: 27359819 -> 27359813, Longueur: 146.39784m, Rue: Rue du Général de Miribel
Tronçon: 27359819 -> 27359824, Longueur: 56.878143m, Rue: Rue Faidherbe
Tronçon: 27359816 -> 27359819, Longueur: 136.2239m, Rue: Rue du Général de Miribel
Tronçon: 27359816 -> 4251081819, Longueur: 58.978085m, Rue: Avenue Berthelot
Tronçon: 27359813 -> 27359753, Longueur: 52.40513m, Rue: Rue du Repos
Tronçon: 27359810 -> 974116113, Longueur: 126.29565m, Rue: Rue Sabine et Miron Zlatin
Tronçon: 27359810 -> 27359813, Longueur: 69.39882m, Rue: Rue du Repos
Tronçon: 26480607 -> 1037257442, Longueur: 109.02679m, Rue: Quai du Docteur Gailleton
Tronçon: 26480607 -> 959438333, Longueur: 135.82962m, Rue: Quai du Docteur Gailleton
Tronçon: 21855792 -> 21851032, Longueur: 96.17695m, Rue: Rue Saint-Agnan
Tronçon: 21855792 -> 143412, Longueur: 104.391655m, Rue: Avenue Berthelot
Tronçon: 1373825334 -> 245031137, Longueur: 64.82694m, Rue: Rue Paul Pic
Tronçon: 1373825334 -> 245026011, Longueur: 160.1769m, Rue: Rue Paul Pic
Tronçon: 1373825334 -> 1373825343, Longueur: 138.79553m, Rue: Rue de la Genièvre
Tronçon: 25622530 -> 25622551, Longueur: 10.800442m, Rue: Rue Raoul Servant
Tronçon: 25622530 -> 1468760675, Longueur: 61.863335m, Rue: Avenue Leclerc
Tronçon: 21600355 -> 21600354, Longueur: 109.829926m, Rue: Rue Marius Berliet
Tronçon: 21600355 -> 21600350, Longueur: 59.294033m, Rue: Rue Saint-Gervais
Tronçon: 1036025386 -> 25319261, Longueur: 81.509865m, Rue: Rue de Bonnel
Tronçon: 197310504 -> 629225129, Longueur: 28.205616m, Rue: Rue du Canal
Tronçon: 197310504 -> 197310506, Longueur: 9.135568m, Rue: 
Tronçon: 197310504 -> 197310518, Longueur: 19.903315m, Rue: 
Tronçon: 21600353 -> 18697393, Longueur: 182.2734m, Rue: Rue Marius Berliet
Tronçon: 21600353 -> 21600354, Longueur: 56.340656m, Rue: Rue Marius Berliet
Tronçon: 21600353 -> 21600350, Longueur: 145.76974m, Rue: Rue Saint-Romain
Tronçon: 21600354 -> 21600353, Longueur: 56.340656m, Rue: Rue Marius Berliet
Tronçon: 21600354 -> 21992709, Longueur: 112.29348m, Rue: Rue de l'Épargne
Tronçon: 242163349 -> 26740277, Longueur: 39.129314m, Rue: Pont de Lattre de Tassigny
Tronçon: 242163349 -> 25498533, Longueur: 28.311625m, Rue: Pont de Lattre de Tassigny
Tronçon: 197310506 -> 197310504, Longueur: 9.135568m, Rue: 
Tronçon: 197310506 -> 197310510, Longueur: 14.344651m, Rue: 
Tronçon: 21600350 -> 21600353, Longueur: 145.76974m, Rue: Rue Saint-Romain
Tronçon: 21600350 -> 18232178, Longueur: 171.89679m, Rue: Rue Saint-Romain
Tronçon: 21600350 -> 187824746, Longueur: 47.378006m, Rue: Rue Saint-Gervais
Tronçon: 25622551 -> 25622530, Longueur: 10.800442m, Rue: Rue Raoul Servant
Tronçon: 25622551 -> 26131895, Longueur: 103.153915m, Rue: Avenue Leclerc
Tronçon: 26022624 -> 26022619, Longueur: 76.2872m, Rue: Boulevard Anatole France
Tronçon: 26022624 -> 25310859, Longueur: 52.2639m, Rue: Rue Tronchet
Tronçon: 25335981 -> 195272, Longueur: 72.58715m, Rue: Rue du Professeur Paul Sisley
Tronçon: 25321354 -> 195278, Longueur: 154.25768m, Rue: Rue du Docteur Rebatel
Tronçon: 25321358 -> 195277, Longueur: 138.50798m, Rue: Cours Albert Thomas
Tronçon: 25321358 -> 25321357, Longueur: 139.37416m, Rue: Rue Jeanne Koehler
Tronçon: 25321357 -> 25321354, Longueur: 129.94539m, Rue: Rue Guilloud
Tronçon: 25321359 -> 25321334, Longueur: 20.22657m, Rue: Rue du Docteur Rebatel
Tronçon: 25321359 -> 25335974, Longueur: 341.72525m, Rue: Rue Saint-Maximin
Tronçon: 1025987757 -> 26731882, Longueur: 165.9316m, Rue: Rue Challemel-Lacour
Tronçon: 34829067 -> 34829078, Longueur: 22.254873m, Rue: 
Tronçon: 34829067 -> 34829069, Longueur: 39.339546m, Rue: Route de Genas
Tronçon: 34829069 -> 34829070, Longueur: 33.081356m, Rue: Route de Genas
Tronçon: 34829070 -> 4140288660, Longueur: 30.620916m, Rue: Route de Genas
Tronçon: 34829070 -> 34829076, Longueur: 5.228902m, Rue: Rue de la Marne
Tronçon: 25622515 -> 25622530, Longueur: 166.83954m, Rue: Avenue Leclerc
Tronçon: 34829073 -> 240470332, Longueur: 44.905598m, Rue: Route de Genas
Tronçon: 34829073 -> 191134374, Longueur: 3.873108m, Rue: Route de Genas
Tronçon: 34829074 -> 4140288663, Longueur: 27.82475m, Rue: Route de Genas
Tronçon: 34829071 -> 34829074, Longueur: 6.605389m, Rue: Rue du Maréchal Foch
Tronçon: 34829071 -> 240470333, Longueur: 10.568116m, Rue: Route de Genas
Tronçon: 1373825343 -> 245023129, Longueur: 26.987032m, Rue: Rue Jean Jaurès
Tronçon: 1373825343 -> 245026021, Longueur: 93.93172m, Rue: Rue Jean Jaurès
Tronçon: 1373825343 -> 1373825334, Longueur: 138.79553m, Rue: Rue de la Genièvre
Tronçon: 2924143717 -> 18697393, Longueur: 73.255264m, Rue: Rue Marius Berliet
Tronçon: 34829077 -> 34830591, Longueur: 69.57115m, Rue: 
Tronçon: 34829077 -> 34829078, Longueur: 47.506096m, Rue: Route de Genas
Tronçon: 34829078 -> 2284006481, Longueur: 20.765495m, Rue: Route de Genas
Tronçon: 34829078 -> 34830591, Longueur: 38.860073m, Rue: 
Tronçon: 34829076 -> 34829077, Longueur: 27.956244m, Rue: Route de Genas
Tronçon: 26022614 -> 25327121, Longueur: 120.80454m, Rue: Rue Sully
Tronçon: 26022614 -> 26022694, Longueur: 91.4885m, Rue: Boulevard Anatole France
Tronçon: 27359824 -> 25549076, Longueur: 49.903328m, Rue: Route de Vienne
Tronçon: 34829088 -> 4150019169, Longueur: 29.805027m, Rue: Rue Émile Decorps
Tronçon: 34829088 -> 4150019149, Longueur: 22.205711m, Rue: Route de Genas
Tronçon: 34829088 -> 34829086, Longueur: 43.61647m, Rue: Route de Genas
Tronçon: 54803872 -> 208822503, Longueur: 102.19639m, Rue: Rue du Milieu
Tronçon: 54803872 -> 54803427, Longueur: 120.38836m, Rue: Rue de la Convention Rue Saint-Antoine
Tronçon: 34829086 -> 240470316, Longueur: 114.15333m, Rue: Route de Genas
Tronçon: 34829086 -> 34829088, Longueur: 43.61647m, Rue: Route de Genas
Tronçon: 34829086 -> 240470322, Longueur: 211.45428m, Rue: Rue Georges Clemenceau
Tronçon: 26022619 -> 26022614, Longueur: 49.087646m, Rue: Boulevard Anatole France
Tronçon: 25321302 -> 21993017, Longueur: 194.25832m, Rue: Rue Saint-Théodore
Tronçon: 25321302 -> 195266, Longueur: 54.717278m, Rue: Rue du Dauphiné
Tronçon: 25321302 -> 195262, Longueur: 256.8284m, Rue: Rue du Dauphiné
Tronçon: 1933378821 -> 26583882, Longueur: 111.84961m, Rue: Rue Henri Germain
Tronçon: 25321304 -> 195275, Longueur: 165.48785m, Rue: Rue Guilloud
Tronçon: 25321304 -> 1703401805, Longueur: 115.59021m, Rue: Rue des Tuiliers
Tronçon: 25321309 -> 1519682880, Longueur: 88.36117m, Rue: Rue du Docteur Bonhomme
Tronçon: 25321309 -> 25321323, Longueur: 110.644356m, Rue: Rue du Palais d'Été
Tronçon: 657813231 -> 657813243, Longueur: 84.60947m, Rue: Avenue Franklin Roosevelt
Tronçon: 657813231 -> 21715068, Longueur: 64.49048m, Rue: Avenue Franklin Roosevelt
Tronçon: 657813243 -> 2453716845, Longueur: 118.62567m, Rue: Boulevard Pinel
Tronçon: 1028231661 -> 34499745, Longueur: 224.0172m, Rue: Rue de la Doua
Tronçon: 1028231661 -> 71262774, Longueur: 85.87831m, Rue: Avenue Roger Salengro
Tronçon: 1028231661 -> 2705418281, Longueur: 91.65926m, Rue: Avenue Roger Salengro
Tronçon: 197395453 -> 1109063433, Longueur: 101.50101m, Rue: Petite Rue du Roulet
Tronçon: 197395453 -> 1109063468, Longueur: 33.078773m, Rue: Rue des Jardins
Tronçon: 197395453 -> 197310460, Longueur: 60.392612m, Rue: Rue des Jardins
Tronçon: 25321323 -> 25321327, Longueur: 136.54433m, Rue: Rue Feuillat
Tronçon: 918297329 -> 838347921, Longueur: 36.29116m, Rue: Rue de la Charité
Tronçon: 918297329 -> 24809679, Longueur: 89.579025m, Rue: Rue de la Charité
Tronçon: 25321327 -> 25321330, Longueur: 99.70037m, Rue: Rue de l'Harmonie
Tronçon: 25321327 -> 251167391, Longueur: 58.375137m, Rue: Rue Feuillat
Tronçon: 254581659 -> 254580798, Longueur: 288.48892m, Rue: Boulevard Vivier-Merle Rue Servient
Tronçon: 25321330 -> 25321309, Longueur: 150.75447m, Rue: Rue du Docteur Bonhomme
Tronçon: 25321330 -> 25321334, Longueur: 129.78181m, Rue: Rue de l'Harmonie
Tronçon: 25321330 -> 25321327, Longueur: 99.70037m, Rue: Rue de l'Harmonie
Tronçon: 25321334 -> 25321330, Longueur: 129.78181m, Rue: Rue de l'Harmonie
Tronçon: 25321334 -> 25321354, Longueur: 91.695206m, Rue: Rue du Docteur Rebatel
Tronçon: 253415075 -> 130144280, Longueur: 25.437016m, Rue: Rue Joséphin Soulary
Tronçon: 25335974 -> 195273, Longueur: 85.42524m, Rue: Rue du Professeur Paul Sisley
Tronçon: 25335974 -> 195274, Longueur: 16.124802m, Rue: Rue Saint-Maximin
Tronçon: 25622571 -> 25622570, Longueur: 15.325094m, Rue: Avenue Leclerc
Tronçon: 25622571 -> 25622551, Longueur: 79.15302m, Rue: Avenue Leclerc
Tronçon: 25622571 -> 1683287879, Longueur: 4.506594m, Rue: Avenue Leclerc
Tronçon: 2553957835 -> 2553957836, Longueur: 9.648642m, Rue: Rue Commandant Caroline Aigle
Tronçon: 2553957835 -> 270298879, Longueur: 63.760372m, Rue: Avenue Jean Mermoz
Tronçon: 2553957836 -> 2388251442, Longueur: 145.43053m, Rue: Rue Commandant Caroline Aigle
Tronçon: 2553957836 -> 1382784515, Longueur: 163.4151m, Rue: Avenue Jean Mermoz
Tronçon: 2553957836 -> 2553957835, Longueur: 9.648642m, Rue: Rue Commandant Caroline Aigle
Tronçon: 2483668732 -> 34389257, Longueur: 81.60154m, Rue: Rue Garibaldi
Tronçon: 2456932713 -> 342867241, Longueur: 113.9548m, Rue: Rue Lafontaine
Tronçon: 2456932713 -> 55474978, Longueur: 107.5206m, Rue: Rue Lafontaine
Tronçon: 2456932713 -> 342872879, Longueur: 24.71337m, Rue: Rue Richelieu
Tronçon: 2456932713 -> 1423439485, Longueur: 169.0433m, Rue: Rue Richelieu
Tronçon: 959373476 -> 959373323, Longueur: 26.538233m, Rue: Rue du Président Carnot
Tronçon: 959373476 -> 7469501, Longueur: 14.848997m, Rue: Quai Jules Courmont
Tronçon: 1368366537 -> 26035111, Longueur: 53.77262m, Rue: Rue Lalande
Tronçon: 1368366537 -> 1368366540, Longueur: 25.18382m, Rue: 
Tronçon: 265809740 -> 26057008, Longueur: 49.044205m, Rue: Rue Rabelais
Tronçon: 265809740 -> 25614303, Longueur: 133.05888m, Rue: Cours de la Liberté
Tronçon: 26033277 -> 26079800, Longueur: 114.86338m, Rue: Rue Danton
Tronçon: 26033277 -> 26033236, Longueur: 60.276375m, Rue: Rue des Rancy
Tronçon: 3832656458 -> 21597808, Longueur: 26.368351m, Rue: Place Bellecour
Tronçon: 3832656458 -> 838347933, Longueur: 175.76953m, Rue: Place Bellecour
Tronçon: 276635164 -> 277046124, Longueur: 80.73444m, Rue: Rue Saint-André
Tronçon: 276635164 -> 276635165, Longueur: 37.656223m, Rue: Rue Jangot
Tronçon: 1291379525 -> 25306020, Longueur: 88.83525m, Rue: Rue de Créqui
Tronçon: 1291379525 -> 26059302, Longueur: 152.58124m, Rue: Avenue Félix Faure
Tronçon: 276635165 -> 26058156, Longueur: 78.04178m, Rue: Rue de Marseille
Tronçon: 71262774 -> 71263057, Longueur: 84.28846m, Rue: Rue Spréafico
Tronçon: 71262774 -> 110422060, Longueur: 82.52285m, Rue: Avenue Roger Salengro
Tronçon: 71262774 -> 1028231661, Longueur: 85.68548m, Rue: Avenue Roger Salengro
Tronçon: 71262774 -> 1028229153, Longueur: 189.0563m, Rue: Rue Paul Cambon
Tronçon: 1368366540 -> 1368366537, Longueur: 25.18382m, Rue: 
Tronçon: 1368366540 -> 26035070, Longueur: 48.3705m, Rue: Place Jules Ferry Boulevard Jules Favre
Tronçon: 959373467 -> 26106449, Longueur: 157.99586m, Rue: Rue de la Bourse
Tronçon: 24485888 -> 24485922, Longueur: 62.774826m, Rue: Rue Sainte-Hélène
Tronçon: 24485888 -> 958117915, Longueur: 24.542439m, Rue: Place Gailleton
Tronçon: 1036842269 -> 26086284, Longueur: 100.42283m, Rue: Rue Rachais
Tronçon: 2856413708 -> 279629283, Longueur: 25.479721m, Rue: Rue Léon Bourgeois
Tronçon: 2856413708 -> 1678996781, Longueur: 139.24837m, Rue: Rue Marcel Sembat
Tronçon: 25173843 -> 25173749, Longueur: 134.08533m, Rue: Rue Victorien Sardou
Tronçon: 25173843 -> 34402209, Longueur: 119.01391m, Rue: Cours Gambetta
Tronçon: 25173835 -> 2628204930, Longueur: 104.76673m, Rue: Cours Gambetta
Tronçon: 25173835 -> 479185290, Longueur: 98.039276m, Rue: Rue de l'Abbé Boisard
Tronçon: 26294955 -> 1678246930, Longueur: 59.71767m, Rue: Rue Pétrequin
Tronçon: 26294955 -> 26290948, Longueur: 52.07479m, Rue: Rue Curtelin
Tronçon: 25173820 -> 21712143, Longueur: 144.76486m, Rue: Rue Pierre Robin
Tronçon: 25173820 -> 25173835, Longueur: 112.63291m, Rue: Cours Gambetta
Tronçon: 1504023584 -> 26106382, Longueur: 39.223873m, Rue: Rue Tupin
Tronçon: 2587463836 -> 2117622721, Longueur: 72.46447m, Rue: Avenue Félix Faure
Tronçon: 2587463836 -> 25175819, Longueur: 120.29985m, Rue: Boulevard Vivier-Merle
Tronçon: 35220564 -> 35224305, Longueur: 86.00912m, Rue: Rue René Leynaud
Tronçon: 35220564 -> 35224286, Longueur: 21.653687m, Rue: Rue Coysevox
Tronçon: 35220563 -> 35220564, Longueur: 75.4597m, Rue: Rue René Leynaud
Tronçon: 1036842225 -> 25306030, Longueur: 204.58505m, Rue: Rue André Philip
Tronçon: 25495299 -> 1148982723, Longueur: 5.626764m, Rue: Rue du Repos
Tronçon: 25495299 -> 25495298, Longueur: 160.04771m, Rue: Rue Lamothe
Tronçon: 25495298 -> 2605393520, Longueur: 113.76306m, Rue: Route de Vienne
Tronçon: 25495295 -> 195241, Longueur: 66.96848m, Rue: Route de Vienne
Tronçon: 25495295 -> 26058917, Longueur: 65.077385m, Rue: Route de Vienne
Tronçon: 25495294 -> 1148982742, Longueur: 15.335281m, Rue: Rue du Repos
Tronçon: 25495294 -> 2139361023, Longueur: 31.808687m, Rue: Rue du Repos
Tronçon: 251055443 -> 251053981, Longueur: 71.56846m, Rue: Rue de l'Amitié
Tronçon: 251055443 -> 1835868022, Longueur: 86.6855m, Rue: Rue George Sand
Tronçon: 249084445 -> 1384133080, Longueur: 119.83225m, Rue: Avenue Henri Barbusse
Tronçon: 249084445 -> 58584529, Longueur: 51.690434m, Rue: Rue Anatole France
Tronçon: 249084445 -> 249084446, Longueur: 153.12106m, Rue: Avenue Henri Barbusse
Tronçon: 249084446 -> 87883332, Longueur: 50.48321m, Rue: Avenue Aristide Briand
Tronçon: 249084446 -> 249084445, Longueur: 153.12106m, Rue: Avenue Henri Barbusse
Tronçon: 249084446 -> 87883334, Longueur: 51.39974m, Rue: Avenue Aristide Briand
Tronçon: 320914499 -> 26079710, Longueur: 46.961994m, Rue: Rue Villeroy
Tronçon: 320914499 -> 320914498, Longueur: 68.61886m, Rue: Rue Saint-Jacques
Tronçon: 320914498 -> 320914499, Longueur: 68.61886m, Rue: Rue Saint-Jacques
Tronçon: 320914498 -> 3351626551, Longueur: 25.266098m, Rue: Rue Saint-Jacques
Tronçon: 197310510 -> 197310506, Longueur: 14.344651m, Rue: 
Tronçon: 197310510 -> 197310515, Longueur: 14.771538m, Rue: 
Tronçon: 197310510 -> 197310545, Longueur: 46.783237m, Rue: Petite Rue du Roulet
Tronçon: 26033235 -> 26033234, Longueur: 69.99104m, Rue: Rue des Rancy
Tronçon: 26033235 -> 26033310, Longueur: 45.913944m, Rue: Rue de la Bannière
Tronçon: 26033236 -> 26079797, Longueur: 130.02635m, Rue: Rue d'Essling
Tronçon: 26033236 -> 26033235, Longueur: 64.787254m, Rue: Rue des Rancy
Tronçon: 197310515 -> 197310518, Longueur: 7.61342m, Rue: 
Tronçon: 197310515 -> 197310510, Longueur: 14.771538m, Rue: 
Tronçon: 197310515 -> 197477463, Longueur: 13.966288m, Rue: Rue du Canal
Tronçon: 197310518 -> 197310504, Longueur: 19.903315m, Rue: 
Tronçon: 197310518 -> 197310515, Longueur: 7.61342m, Rue: 
Tronçon: 26033233 -> 26033312, Longueur: 85.083694m, Rue: Rue Léon Jouhaux
Tronçon: 26033233 -> 34401553, Longueur: 77.91985m, Rue: Rue des Rancy
Tronçon: 1106229027 -> 26084554, Longueur: 83.18081m, Rue: Rue Pré Gaudry
Tronçon: 1106229027 -> 21674912, Longueur: 53.24369m, Rue: Rue Pré Gaudry
Tronçon: 26033234 -> 26079789, Longueur: 136.10226m, Rue: Rue du Lac
Tronçon: 26033234 -> 26033233, Longueur: 68.89535m, Rue: Rue des Rancy
Tronçon: 62026451 -> 2234398946, Longueur: 298.15384m, Rue: Cours d'Herbouville
Tronçon: 35220546 -> 25478618, Longueur: 187.12938m, Rue: Rue Romarin Rue du Puits Gaillot
Tronçon: 35220546 -> 868450669, Longueur: 55.47323m, Rue: Place de la Comédie
Tronçon: 1385942314 -> 1109063402, Longueur: 110.23485m, Rue: Rue Léon Piat
Tronçon: 2089661573 -> 1468553185, Longueur: 107.31304m, Rue: Pont de la Guillotière
Tronçon: 2089661573 -> 195222, Longueur: 97.2012m, Rue: Pont de la Guillotière
Tronçon: 25495293 -> 25499141, Longueur: 35.222992m, Rue: Rue de la Madeleine
Tronçon: 25495293 -> 25499134, Longueur: 144.54858m, Rue: Rue Marc Bloch
Tronçon: 197310545 -> 2479685608, Longueur: 260.95428m, Rue: Petite Rue du Roulet
Tronçon: 197310545 -> 197310510, Longueur: 46.783237m, Rue: Petite Rue du Roulet
Tronçon: 253868661 -> 35224293, Longueur: 60.526176m, Rue: Rue des Tables Claudiennes
Tronçon: 25303836 -> 2865054509, Longueur: 70.8819m, Rue: Rue Lamartine
Tronçon: 25303836 -> 1383027249, Longueur: 199.94739m, Rue: Rue Amiral Courbet
Tronçon: 25303836 -> 2365376404, Longueur: 116.822136m, Rue: Rue Amiral Courbet
Tronçon: 25303836 -> 2365376415, Longueur: 201.18849m, Rue: Rue Lamartine Rue de Bonnefond
Tronçon: 25303839 -> 3405342345, Longueur: 102.57354m, Rue: Cours Docteur Long
Tronçon: 25303839 -> 2865054509, Longueur: 93.59785m, Rue: Rue Lamartine
Tronçon: 25303839 -> 26155366, Longueur: 126.79813m, Rue: Rue Saint-Isidore
Tronçon: 26086130 -> 208776568, Longueur: 67.38149m, Rue: Rue Sainte-Anne de Baraban
Tronçon: 974116096 -> 974116113, Longueur: 65.92115m, Rue: Rue Sabine et Miron Zlatin
Tronçon: 25611760 -> 26317233, Longueur: 26.020561m, Rue: Avenue Félix Faure
Tronçon: 25611760 -> 26317214, Longueur: 73.66637m, Rue: Avenue Lacassagne
Tronçon: 25611760 -> 250042857, Longueur: 214.0224m, Rue: Avenue Félix Faure
Tronçon: 25303831 -> 25321456, Longueur: 64.89446m, Rue: Rue Feuillat
Tronçon: 25303831 -> 25321689, Longueur: 153.72511m, Rue: Rue Feuillat
Tronçon: 25303831 -> 2129259180, Longueur: 122.619156m, Rue: Rue Bara
Tronçon: 25303831 -> 25303832, Longueur: 91.81539m, Rue: Avenue Lacassagne
Tronçon: 3651418949 -> 191134587, Longueur: 40.870102m, Rue: Rue Pierre Baratin
Tronçon: 25303832 -> 25303833, Longueur: 104.95519m, Rue: Avenue Lacassagne
Tronçon: 25303833 -> 2365376415, Longueur: 59.433758m, Rue: Avenue Lacassagne
Tronçon: 33066088 -> 33066313, Longueur: 7.2110343m, Rue: Avenue Georges Pompidou
Tronçon: 33066088 -> 25468073, Longueur: 423.97205m, Rue: Rue de la Villette
Tronçon: 3160860325 -> 3160860329, Longueur: 63.49425m, Rue: Rue Paul Duvivier
Tronçon: 3160860324 -> 602038487, Longueur: 227.71596m, Rue: Avenue Berthelot
Tronçon: 3160860329 -> 27359754, Longueur: 203.72238m, Rue: Rue de Toulon
Tronçon: 3160860329 -> 27359753, Longueur: 254.83682m, Rue: Rue Paul Duvivier
Tronçon: 26086121 -> 26086122, Longueur: 136.39932m, Rue: Rue Roposte
Tronçon: 26086121 -> 48833743, Longueur: 62.881767m, Rue: Rue Étienne Richerand
Tronçon: 26086122 -> 48833747, Longueur: 61.05543m, Rue: Rue Baraban
Tronçon: 26086122 -> 26086117, Longueur: 104.15767m, Rue: Rue Baraban
Tronçon: 26086120 -> 25468067, Longueur: 77.947m, Rue: Rue Ternois
Tronçon: 26086120 -> 26086119, Longueur: 63.36733m, Rue: Rue d'Aubigny
Tronçon: 26086120 -> 26086115, Longueur: 60.97287m, Rue: Rue d'Aubigny
Tronçon: 21715353 -> 3760085988, Longueur: 1.8100863m, Rue: Rue Nungesser et Coli
Tronçon: 21715353 -> 2320613216, Longueur: 176.59666m, Rue: Avenue Rockefeller
Tronçon: 26086126 -> 26086124, Longueur: 193.08192m, Rue: Avenue Georges Pompidou
Tronçon: 26086126 -> 48833748, Longueur: 94.98224m, Rue: Rue Gandolière
Tronçon: 26086126 -> 26086127, Longueur: 48.14814m, Rue: Avenue Georges Pompidou
Tronçon: 26086123 -> 26086116, Longueur: 102.24986m, Rue: Rue Baraban
Tronçon: 26086123 -> 26086117, Longueur: 104.1326m, Rue: Rue Baraban
Tronçon: 2202205400 -> 25611156, Longueur: 66.17866m, Rue: Boulevard Pinel
Tronçon: 2202205400 -> 25611158, Longueur: 26.85869m, Rue: Boulevard Pinel
Tronçon: 26086124 -> 26079656, Longueur: 57.778957m, Rue: Rue Maurice Flandin
Tronçon: 26086124 -> 80311393, Longueur: 32.83932m, Rue: Avenue Georges Pompidou
Tronçon: 26086124 -> 26086126, Longueur: 193.08192m, Rue: Avenue Georges Pompidou
Tronçon: 26086129 -> 26086128, Longueur: 29.557299m, Rue: Rue Baraban
Tronçon: 26086129 -> 2587460577, Longueur: 47.348785m, Rue: Rue Baraban
Tronçon: 26086127 -> 26086128, Longueur: 140.42914m, Rue: Avenue Georges Pompidou
Tronçon: 26086127 -> 2587460578, Longueur: 51.051052m, Rue: Rue Étienne Richerand
Tronçon: 26086127 -> 26086126, Longueur: 48.14814m, Rue: Avenue Georges Pompidou
Tronçon: 26086128 -> 208769112, Longueur: 106.253914m, Rue: Avenue Georges Pompidou
Tronçon: 26086128 -> 26086129, Longueur: 29.557299m, Rue: Rue Baraban
Tronçon: 26086128 -> 48833747, Longueur: 53.631104m, Rue: Rue Baraban
Tronçon: 26086128 -> 26086127, Longueur: 140.42914m, Rue: Avenue Georges Pompidou
Tronçon: 21510475 -> 21595834, Longueur: 102.583694m, Rue: Rue Henri Pensier
Tronçon: 21510475 -> 18697378, Longueur: 198.31831m, Rue: Rue Santos Dumont
Tronçon: 25303803 -> 25303804, Longueur: 62.328133m, Rue: Avenue Lacassagne
Tronçon: 25303804 -> 624172864, Longueur: 19.770752m, Rue: Avenue Lacassagne
Tronçon: 25303804 -> 25303805, Longueur: 242.54411m, Rue: Rue Omer Louis
Tronçon: 25303805 -> 25303798, Longueur: 67.76077m, Rue: Rue Trarieux
Tronçon: 25303806 -> 25303805, Longueur: 70.32379m, Rue: Rue Trarieux
Tronçon: 25303806 -> 25303807, Longueur: 207.38918m, Rue: Rue Jean Bart
Tronçon: 25303807 -> 325213179, Longueur: 105.98958m, Rue: Avenue Lacassagne
Tronçon: 25303800 -> 25303833, Longueur: 148.15503m, Rue: Rue du Professeur Rochaix
Tronçon: 25303800 -> 25303801, Longueur: 220.9156m, Rue: Rue Germain David
Tronçon: 25303801 -> 25303796, Longueur: 115.67163m, Rue: Rue du Professeur Florence
Tronçon: 60685060 -> 60685057, Longueur: 144.41853m, Rue: Rue Jean Ottavi
Tronçon: 60685060 -> 60685053, Longueur: 150.13472m, Rue: Rue Descartes
Tronçon: 822274655 -> 190866549, Longueur: 26.621851m, Rue: Rue Alexis Perroncel
Tronçon: 822274655 -> 190817774, Longueur: 87.55065m, Rue: Rue Charles Gounod
Tronçon: 60685056 -> 1801085331, Longueur: 59.51832m, Rue: Rue Alexis Perroncel
Tronçon: 60685056 -> 1028231661, Longueur: 203.76526m, Rue: Rue Colin
Tronçon: 60685057 -> 60685056, Longueur: 167.95122m, Rue: Rue Colin
Tronçon: 60685057 -> 60685060, Longueur: 144.41853m, Rue: Rue Jean Ottavi
Tronçon: 60685054 -> 1423419205, Longueur: 135.79211m, Rue: Rue Gervais Bussière
Tronçon: 60685054 -> 252628606, Longueur: 65.45743m, Rue: Rue Gervais Bussière
Tronçon: 60685054 -> 60685055, Longueur: 189.20395m, Rue: Rue Alexis Perroncel
Tronçon: 60685055 -> 1028229153, Longueur: 72.24518m, Rue: Rue Alexis Perroncel
Tronçon: 60685055 -> 60685060, Longueur: 163.92482m, Rue: Rue Descartes
Tronçon: 18232187 -> 34235998, Longueur: 97.02868m, Rue: Rue Saint-Gervais
Tronçon: 18232187 -> 143417, Longueur: 173.92714m, Rue: Rue Saint-Nestor
Tronçon: 18232186 -> 18232187, Longueur: 119.63905m, Rue: Rue Saint-Gervais
Tronçon: 18232186 -> 18697395, Longueur: 157.25653m, Rue: Rue Saint-Mathieu
Tronçon: 4092061493 -> 93856096, Longueur: 65.601906m, Rue: Rue de Montagny
Tronçon: 4092061493 -> 1026030476, Longueur: 146.97728m, Rue: Rue Henri Barbusse
Tronçon: 4092061493 -> 4020676717, Longueur: 11.669525m, Rue: Rue Henri Barbusse
Tronçon: 60685053 -> 2774590476, Longueur: 91.880775m, Rue: Rue Francis de Pressensé
Tronçon: 60685053 -> 383733796, Longueur: 100.518745m, Rue: Rue Francis de Pressensé
Tronçon: 18232184 -> 18232182, Longueur: 120.95558m, Rue: Impasse Berchet
Tronçon: 18232183 -> 21702433, Longueur: 47.507317m, Rue: Rue Antoine Lumière
Tronçon: 18232182 -> 18232184, Longueur: 120.95558m, Rue: Impasse Berchet
Tronçon: 18232182 -> 18232180, Longueur: 75.07464m, Rue: Rue Berchet
Tronçon: 1036025279 -> 26079707, Longueur: 56.06032m, Rue: Rue Villeroy
Tronçon: 1036025279 -> 26053570, Longueur: 118.36518m, Rue: Rue Pierre Bourdan
Tronçon: 26058936 -> 95836805, Longueur: 100.932686m, Rue: Place Jean Macé
Tronçon: 26058935 -> 2365928001, Longueur: 20.725393m, Rue: Rue Raoul Servant
Tronçon: 26058935 -> 2365927999, Longueur: 7.8692255m, Rue: Place Jean Macé
Tronçon: 26058937 -> 26058936, Longueur: 79.90622m, Rue: Rue du Professeur Grignard
Tronçon: 26058937 -> 2365928001, Longueur: 81.84019m, Rue: Rue Raoul Servant
Tronçon: 26058937 -> 26059066, Longueur: 111.370346m, Rue: Rue Raoul Servant
Tronçon: 60685047 -> 383733804, Longueur: 125.60411m, Rue: Rue Gervais Bussière
Tronçon: 60685047 -> 252628606, Longueur: 69.79026m, Rue: Rue Gervais Bussière
Tronçon: 60685048 -> 60685047, Longueur: 48.872795m, Rue: Rue Melzet
Tronçon: 60685048 -> 60685043, Longueur: 103.48925m, Rue: Rue Hector Berlioz
Tronçon: 60685045 -> 26296433, Longueur: 55.055706m, Rue: Rue Hector Berlioz
Tronçon: 60685045 -> 60685043, Longueur: 94.98868m, Rue: Rue Hector Berlioz
Tronçon: 18232179 -> 143416, Longueur: 171.48755m, Rue: Rue Saint-Mathieu
Tronçon: 18232179 -> 21696191, Longueur: 120.04204m, Rue: Rue Saint-Maurice
Tronçon: 60685046 -> 1433928362, Longueur: 18.104597m, Rue: Place Wilson
Tronçon: 18232178 -> 143415, Longueur: 77.211784m, Rue: Rue Villon
Tronçon: 18232178 -> 21600350, Longueur: 171.89679m, Rue: Rue Saint-Romain
Tronçon: 18232178 -> 9214911, Longueur: 172.85042m, Rue: Rue Saint-Romain
Tronçon: 60685043 -> 383733802, Longueur: 102.6739m, Rue: Rue Francis de Pressensé
Tronçon: 60685043 -> 60685036, Longueur: 51.629513m, Rue: Rue Francis de Pressensé
Tronçon: 60685043 -> 60685045, Longueur: 94.98868m, Rue: Rue Hector Berlioz
Tronçon: 18232180 -> 18232179, Longueur: 142.3561m, Rue: Rue Saint-Mathieu
Tronçon: 18232180 -> 9214915, Longueur: 140.69615m, Rue: Rue Antoine Lumière
Tronçon: 796918016 -> 796917509, Longueur: 59.115536m, Rue: Impasse Rival
Tronçon: 3020982382 -> 1362781062, Longueur: 19.983597m, Rue: Pont Winston Churchill
Tronçon: 3020982382 -> 3020993750, Longueur: 13.620912m, Rue: Place Adrien Godien
Tronçon: 321238837 -> 110422048, Longueur: 110.06684m, Rue: Rue Branly
Tronçon: 321238837 -> 110422035, Longueur: 153.73137m, Rue: Rue Branly
Tronçon: 321238837 -> 2471166661, Longueur: 259.95966m, Rue: Rue Julien Peyhorgue
Tronçon: 26731889 -> 26731892, Longueur: 28.90536m, Rue: Boulevard du Parc d'Artillerie
Tronçon: 26731889 -> 26731893, Longueur: 35.265015m, Rue: Boulevard du Parc d'Artillerie
Tronçon: 60685036 -> 60685043, Longueur: 51.629513m, Rue: Rue Francis de Pressensé
Tronçon: 60685036 -> 60685046, Longueur: 100.56929m, Rue: Rue Pierre Larousse
Tronçon: 60685036 -> 1513948135, Longueur: 51.537525m, Rue: Cours André Philip
Tronçon: 60685035 -> 26296512, Longueur: 22.659779m, Rue: Cours Émile Zola
Tronçon: 60685035 -> 34500651, Longueur: 174.24553m, Rue: Rue des Charmettes
Tronçon: 60685035 -> 60685036, Longueur: 189.13841m, Rue: Rue Jubin
Tronçon: 60685035 -> 26295419, Longueur: 99.455894m, Rue: Cours Émile Zola
Tronçon: 26731884 -> 26731885, Longueur: 14.803741m, Rue: Rue Challemel-Lacour
Tronçon: 26731884 -> 21604566, Longueur: 71.64879m, Rue: Rue Challemel-Lacour
Tronçon: 26086114 -> 3370328152, Longueur: 67.72544m, Rue: Rue d'Aubigny
Tronçon: 26086114 -> 26086115, Longueur: 70.569046m, Rue: Rue d'Aubigny
Tronçon: 26086114 -> 26086124, Longueur: 252.46027m, Rue: Rue Maurice Flandin
Tronçon: 26731883 -> 26731890, Longueur: 112.57844m, Rue: Boulevard du Parc d'Artillerie
Tronçon: 26731883 -> 26731882, Longueur: 135.19951m, Rue: Rue Saint-Jean de Dieu
Tronçon: 26086115 -> 26086120, Longueur: 60.97287m, Rue: Rue d'Aubigny
Tronçon: 26086115 -> 26086114, Longueur: 70.569046m, Rue: Rue d'Aubigny
Tronçon: 26058917 -> 3208799313, Longueur: 14.533233m, Rue: Rue Garibaldi
Tronçon: 26731882 -> 26731883, Longueur: 135.19951m, Rue: Rue Saint-Jean de Dieu
Tronçon: 26731882 -> 25625383, Longueur: 399.4517m, Rue: Rue Challemel-Lacour
Tronçon: 26086118 -> 26086119, Longueur: 79.10604m, Rue: Rue d'Aubigny
Tronçon: 26086118 -> 26086121, Longueur: 79.720085m, Rue: Rue Étienne Richerand
Tronçon: 26086118 -> 26086117, Longueur: 138.79436m, Rue: Rue d'Aubigny
Tronçon: 26731887 -> 1025987757, Longueur: 20.887302m, Rue: Rue Challemel-Lacour
Tronçon: 26731887 -> 26731886, Longueur: 9.837542m, Rue: Rue Challemel-Lacour
Tronçon: 26086119 -> 26086120, Longueur: 63.36733m, Rue: Rue d'Aubigny
Tronçon: 26086119 -> 26086118, Longueur: 79.10604m, Rue: Rue d'Aubigny
Tronçon: 26731886 -> 26731884, Longueur: 35.74335m, Rue: Rue Challemel-Lacour
Tronçon: 26086116 -> 54803872, Longueur: 47.572834m, Rue: Rue Saint-Antoine
Tronçon: 26086116 -> 25468066, Longueur: 141.69069m, Rue: Rue Saint-Antoine
Tronçon: 26086116 -> 26416315, Longueur: 65.320335m, Rue: Rue Baraban
Tronçon: 26086116 -> 26086123, Longueur: 102.24986m, Rue: Rue Baraban
Tronçon: 26731885 -> 26731889, Longueur: 28.979805m, Rue: Boulevard du Parc d'Artillerie
Tronçon: 26731885 -> 26731887, Longueur: 44.13091m, Rue: Rue Challemel-Lacour
Tronçon: 26086117 -> 26086122, Longueur: 104.15767m, Rue: Rue Baraban
Tronçon: 26086117 -> 26086123, Longueur: 104.1326m, Rue: Rue Baraban
Tronçon: 26086117 -> 26086118, Longueur: 138.79436m, Rue: Rue d'Aubigny
Tronçon: 26086117 -> 208769279, Longueur: 128.86993m, Rue: Rue Saint-Victorien
Tronçon: 26731890 -> 26731883, Longueur: 112.57844m, Rue: Boulevard du Parc d'Artillerie
Tronçon: 26731890 -> 26731893, Longueur: 116.41035m, Rue: Boulevard du Parc d'Artillerie
Tronçon: 257061763 -> 60728860, Longueur: 12.165956m, Rue: Boulevard de la Bataille de Stalingrad
Tronçon: 529122835 -> 35224293, Longueur: 32.099533m, Rue: Rue des Tables Claudiennes
Tronçon: 25303840 -> 25321687, Longueur: 76.26666m, Rue: Rue du Docteur Paul Diday
Tronçon: 25303840 -> 251050719, Longueur: 50.582382m, Rue: Impasse Jeanne d'Arc
Tronçon: 25303841 -> 25303840, Longueur: 151.94449m, Rue: Rue Jeanne d'Arc
Tronçon: 25303841 -> 25321689, Longueur: 83.108986m, Rue: Rue Feuillat
Tronçon: 25303841 -> 26317293, Longueur: 111.942184m, Rue: Rue Feuillat
Tronçon: 26731893 -> 26731890, Longueur: 116.41035m, Rue: Boulevard du Parc d'Artillerie
Tronçon: 26731893 -> 26731892, Longueur: 32.89448m, Rue: Boulevard du Parc d'Artillerie
Tronçon: 26731892 -> 1025987757, Longueur: 33.139072m, Rue: Boulevard du Parc d'Artillerie
Tronçon: 26731892 -> 26731887, Longueur: 21.819996m, Rue: Boulevard du Parc d'Artillerie
Tronçon: 444583124 -> 190889770, Longueur: 3.6794012m, Rue: 
Tronçon: 444583124 -> 190889787, Longueur: 9.739723m, Rue: 
Tronçon: 25525253 -> 21703544, Longueur: 192.66084m, Rue: Impasse Bazat
Tronçon: 25525253 -> 143431, Longueur: 115.15767m, Rue: Rue Antoine Lumière
Tronçon: 505061092 -> 1835841713, Longueur: 177.86421m, Rue: Rue de la Ligne de l'Est
Tronçon: 505061092 -> 505061101, Longueur: 24.685703m, Rue: Rue Émile Decorps
Tronçon: 505061092 -> 191134429, Longueur: 195.15364m, Rue: Rue Émile Decorps
Tronçon: 2520964231 -> 55457360, Longueur: 89.32776m, Rue: Rue Persoz
Tronçon: 2520964231 -> 55447024, Longueur: 215.39256m, Rue: Rue du 1 Mars 1943
Tronçon: 4020676717 -> 4020676714, Longueur: 14.074087m, Rue: Rue Henri Barbusse
Tronçon: 4020676717 -> 4092061493, Longueur: 11.669525m, Rue: Rue Henri Barbusse
Tronçon: 4020676717 -> 1655683917, Longueur: 82.333435m, Rue: Rue Henri Barbusse
Tronçon: 663650206 -> 2100687400, Longueur: 16.806696m, Rue: Quai Claude Bernard
Tronçon: 663650206 -> 26058690, Longueur: 45.195545m, Rue: Rue d'Aguesseau
Tronçon: 25306034 -> 25306035, Longueur: 86.03402m, Rue: Rue André Philip
Tronçon: 25306034 -> 975232215, Longueur: 102.38585m, Rue: Avenue Félix Faure
Tronçon: 25306036 -> 25306035, Longueur: 134.18398m, Rue: Rue de l'Abondance
Tronçon: 25306036 -> 15925447, Longueur: 70.168106m, Rue: Rue Duguesclin
Tronçon: 25306035 -> 34401983, Longueur: 100.00017m, Rue: Rue de l'Abondance
Tronçon: 25306035 -> 25258525, Longueur: 116.97634m, Rue: Rue André Philip
Tronçon: 342906826 -> 342906618, Longueur: 109.15968m, Rue: 
Tronçon: 342906826 -> 342906843, Longueur: 11.629453m, Rue: 
Tronçon: 342906826 -> 342907028, Longueur: 141.82251m, Rue: 
Tronçon: 342869317 -> 342867241, Longueur: 67.77638m, Rue: Allée de l'Enfance
Tronçon: 342869317 -> 342869875, Longueur: 150.91774m, Rue: Allée du Levant
Tronçon: 342869317 -> 342868447, Longueur: 147.80559m, Rue: Allée du Couchant Allée de l'Enfance
Tronçon: 191134750 -> 2858132258, Longueur: 132.21178m, Rue: Rue Victor Basch
Tronçon: 191134750 -> 60492628, Longueur: 98.00572m, Rue: Boulevard Eugène Réguillon
Tronçon: 191134750 -> 191134754, Longueur: 56.839367m, Rue: Boulevard Eugène Réguillon
Tronçon: 25306030 -> 15925446, Longueur: 41.516823m, Rue: Rue André Philip
Tronçon: 191134754 -> 459797856, Longueur: 120.8228m, Rue: Impasse Bayet
Tronçon: 191134754 -> 191134750, Longueur: 56.839367m, Rue: Boulevard Eugène Réguillon
Tronçon: 26480569 -> 26575616, Longueur: 658.2834m, Rue: Quai du Docteur Gailleton Quai Jules Courmont
Tronçon: 26480569 -> 26480401, Longueur: 241.91093m, Rue: Quai Jules Courmont
Tronçon: 1676885834 -> 1026030617, Longueur: 9.763474m, Rue: Rue Henri Barbusse
Tronçon: 1676885834 -> 4020676714, Longueur: 162.80026m, Rue: Rue Henri Barbusse
Tronçon: 1676885834 -> 1026030476, Longueur: 13.612118m, Rue: Route de Vienne
Tronçon: 34401979 -> 26079788, Longueur: 91.75097m, Rue: Rue du Pensionnat
Tronçon: 34401979 -> 25258525, Longueur: 107.69261m, Rue: Rue d'Arménie
Tronçon: 34401979 -> 34401984, Longueur: 59.858894m, Rue: Rue Garibaldi
Tronçon: 25306020 -> 991648001, Longueur: 6.81335m, Rue: Rue de Créqui
Tronçon: 25306020 -> 25306164, Longueur: 93.01468m, Rue: Cours Gambetta
Tronçon: 4020676714 -> 60755977, Longueur: 82.31187m, Rue: Rue Henri Barbusse
Tronçon: 4020676714 -> 1676885834, Longueur: 162.80026m, Rue: Rue Henri Barbusse
Tronçon: 4020676714 -> 4020676717, Longueur: 14.074087m, Rue: Rue Henri Barbusse
Tronçon: 25306024 -> 1036842184, Longueur: 136.5443m, Rue: Rue Alphonse Daudet
Tronçon: 25306024 -> 1291379525, Longueur: 80.12307m, Rue: Rue de Créqui
Tronçon: 25321687 -> 25321689, Longueur: 153.3693m, Rue: Passage Feuillat
Tronçon: 25321687 -> 459797860, Longueur: 101.035904m, Rue: Passage Feuillat
Tronçon: 25321687 -> 25321447, Longueur: 103.34052m, Rue: Rue du Docteur Paul Diday
Tronçon: 25321689 -> 25321687, Longueur: 153.3693m, Rue: Passage Feuillat
Tronçon: 25321689 -> 25303841, Longueur: 83.108986m, Rue: Rue Feuillat
Tronçon: 25321689 -> 25303831, Longueur: 153.72511m, Rue: Rue Feuillat
Tronçon: 34401989 -> 26079790, Longueur: 153.56767m, Rue: Rue de l'AbondanceRue Garibaldi
Tronçon: 34401988 -> 34401987, Longueur: 18.621817m, Rue: Rue Garibaldi
Tronçon: 34401988 -> 34401989, Longueur: 17.924046m, Rue: Rue Garibaldi
Tronçon: 34401987 -> 25306034, Longueur: 100.629295m, Rue: Avenue Félix Faure
Tronçon: 34401987 -> 34402383, Longueur: 100.510765m, Rue: Rue Garibaldi
Tronçon: 34401986 -> 25174226, Longueur: 264.82983m, Rue: Rue Garibaldi
Tronçon: 34401986 -> 34401987, Longueur: 15.318038m, Rue: Avenue Félix Faure
Tronçon: 34401986 -> 34401989, Longueur: 17.926199m, Rue: Rue Garibaldi
Tronçon: 34401984 -> 25174226, Longueur: 403.2181m, Rue: Rue Garibaldi
Tronçon: 34401984 -> 34401983, Longueur: 59.28932m, Rue: Rue Garibaldi
Tronçon: 34401983 -> 34401988, Longueur: 61.73676m, Rue: Rue Garibaldi
Tronçon: 26052731 -> 26052730, Longueur: 79.823715m, Rue: Rue Commandant Faurax
Tronçon: 26052731 -> 26052732, Longueur: 24.255074m, Rue: Avenue de Grande-Bretagne
Tronçon: 26052731 -> 25722293, Longueur: 126.65026m, Rue: Avenue de Grande-Bretagne
Tronçon: 26052732 -> 26052731, Longueur: 24.255074m, Rue: Avenue de Grande-Bretagne
Tronçon: 26052732 -> 25722294, Longueur: 93.169205m, Rue: Avenue de Grande-Bretagne
Tronçon: 191134733 -> 191134720, Longueur: 60.118122m, Rue: Petite Rue Pasteur
Tronçon: 191134733 -> 191134729, Longueur: 115.33837m, Rue: Rue Chevreul
Tronçon: 191134733 -> 1608528160, Longueur: 81.35362m, Rue: Rue Chevreul
Tronçon: 26052730 -> 25495339, Longueur: 82.4339m, Rue: Rue Commandant Faurax
Tronçon: 26052730 -> 26052731, Longueur: 79.823715m, Rue: Rue Commandant Faurax
Tronçon: 26052730 -> 25316183, Longueur: 97.23519m, Rue: Rue Vendôme
Tronçon: 581678 -> 195237, Longueur: 85.50466m, Rue: Rue de l'Université
Tronçon: 581678 -> 26059183, Longueur: 78.73217m, Rue: Avenue Jean Jaurès
Tronçon: 191134741 -> 191134782, Longueur: 177.56535m, Rue: Cours Émile Zola
Tronçon: 191134741 -> 25932598, Longueur: 62.674774m, Rue: Cours Émile Zola
Tronçon: 4365928347 -> 26470089, Longueur: 140.45544m, Rue: Rue Alfred de Vigny
Tronçon: 4365928347 -> 26463667, Longueur: 153.39073m, Rue: Rue Trarieux
Tronçon: 1368366577 -> 26035018, Longueur: 88.184784m, Rue: Rue Curie
Tronçon: 1368366577 -> 26035011, Longueur: 24.142887m, Rue: Boulevard des Belges
Tronçon: 191134717 -> 191134720, Longueur: 120.182205m, Rue: Rue Charles Robin
Tronçon: 191134717 -> 191134729, Longueur: 61.995464m, Rue: Rue Victor Basch
Tronçon: 191134717 -> 191134724, Longueur: 60.810886m, Rue: Rue Victor Basch
Tronçon: 191134717 -> 191134707, Longueur: 63.149654m, Rue: Rue Charles Robin
Tronçon: 1368366566 -> 1368366577, Longueur: 21.188885m, Rue: Boulevard des Belges
Tronçon: 1368366566 -> 378175582, Longueur: 25.139019m, Rue: Rue des Émeraudes
Tronçon: 191134726 -> 2858132259, Longueur: 88.654724m, Rue: Rue Bergonier
Tronçon: 191134726 -> 191134741, Longueur: 117.28744m, Rue: Petite Rue Pasteur
Tronçon: 1368366564 -> 1368366566, Longueur: 25.681402m, Rue: Rue Juliette Récamier
Tronçon: 1368366564 -> 1778350879, Longueur: 216.49583m, Rue: Place Jules Ferry
Tronçon: 191134724 -> 191134705, Longueur: 64.53669m, Rue: Rue Bergonier
Tronçon: 191134724 -> 191134717, Longueur: 60.810886m, Rue: Rue Victor Basch
Tronçon: 191134724 -> 2858132259, Longueur: 38.21682m, Rue: Rue Bergonier
Tronçon: 191134724 -> 55446987, Longueur: 89.807304m, Rue: Rue Victor Basch
Tronçon: 191134729 -> 191134717, Longueur: 61.995464m, Rue: Rue Victor Basch
Tronçon: 191134729 -> 2858132258, Longueur: 97.0959m, Rue: Rue Victor Basch
Tronçon: 191134729 -> 191134733, Longueur: 115.33837m, Rue: Rue Chevreul
Tronçon: 191134720 -> 191134717, Longueur: 120.182205m, Rue: Rue Charles Robin
Tronçon: 191134720 -> 191134726, Longueur: 62.125217m, Rue: Petite Rue Pasteur
Tronçon: 2181616448 -> 2181616436, Longueur: 94.238235m, Rue: Rue de la Part-Dieu
Tronçon: 2181616448 -> 25306183, Longueur: 20.371832m, Rue: Rue de Créqui
Tronçon: 2485871064 -> 55435016, Longueur: 9.768958m, Rue: 
Tronçon: 2485871064 -> 55434918, Longueur: 19.510443m, Rue: 
Tronçon: 1471827643 -> 26740278, Longueur: 74.60085m, Rue: Quai André Lassagne
Tronçon: 24644374 -> 24644347, Longueur: 99.41488m, Rue: Rue Jean Novel
Tronçon: 24644374 -> 25618436, Longueur: 62.72037m, Rue: Rue de Genève
Tronçon: 342906843 -> 342906826, Longueur: 11.629453m, Rue: 
Tronçon: 342906843 -> 190823177, Longueur: 262.17374m, Rue: Rue Michel Dupeuble
Tronçon: 342906843 -> 190903102, Longueur: 107.96507m, Rue: Rue Michel Dupeuble
Tronçon: 796918086 -> 1475230723, Longueur: 25.567122m, Rue: Rue de la Madeleine
Tronçon: 796918086 -> 1475230728, Longueur: 8.182912m, Rue: 
Tronçon: 191134705 -> 191134707, Longueur: 41.22942m, Rue: Rue Charles Robin
Tronçon: 191134705 -> 191134724, Longueur: 64.53669m, Rue: Rue Bergonier
Tronçon: 191134705 -> 55446995, Longueur: 41.496403m, Rue: Rue Charles Robin
Tronçon: 2181616436 -> 25258724, Longueur: 65.63478m, Rue: Rue Vendôme
Tronçon: 24644383 -> 24644242, Longueur: 82.64019m, Rue: Boulevard de la Bataille de Stalingrad
Tronçon: 24644383 -> 24644347, Longueur: 62.983185m, Rue: Rue Jean Novel
Tronçon: 24009837 -> 195251, Longueur: 53.041683m, Rue: Grande Rue de la Guillotière
Tronçon: 24009837 -> 195254, Longueur: 174.54126m, Rue: Avenue Jean Jaurès
Tronçon: 191134707 -> 191134705, Longueur: 41.22942m, Rue: Rue Charles Robin
Tronçon: 191134707 -> 1848025104, Longueur: 39.05926m, Rue: Rue François Jacob
Tronçon: 191134707 -> 191134717, Longueur: 63.149654m, Rue: Rue Charles Robin
Tronçon: 24009841 -> 25337460, Longueur: 47.39701m, Rue: Rue d'Anvers
Tronçon: 24009841 -> 24009837, Longueur: 51.090633m, Rue: Avenue Jean Jaurès
Tronçon: 191134701 -> 191134679, Longueur: 319.48196m, Rue: Avenue Marcel Cerdan Rue Baudin
Tronçon: 191134701 -> 34499743, Longueur: 62.501617m, Rue: Cours Émile Zola
Tronçon: 55474924 -> 55457314, Longueur: 225.82951m, Rue: Rue Louis Braille
Tronçon: 55474924 -> 398398299, Longueur: 62.88187m, Rue: Rue Valentin Hauy
Tronçon: 55474924 -> 4025995466, Longueur: 127.81875m, Rue: Rue Lafontaine
Tronçon: 273218195 -> 273218201, Longueur: 31.823263m, Rue: Rue Gentil
Tronçon: 24644347 -> 1384310580, Longueur: 57.100685m, Rue: Rue Louis Guérin
Tronçon: 24644347 -> 24644374, Longueur: 99.41488m, Rue: Rue Jean Novel
Tronçon: 24644347 -> 24644270, Longueur: 77.869484m, Rue: Rue Louis Guérin
Tronçon: 24644347 -> 24644383, Longueur: 62.983185m, Rue: Rue Jean Novel
Tronçon: 663650280 -> 25337459, Longueur: 94.81282m, Rue: Rue Chalopin
Tronçon: 663650280 -> 24009837, Longueur: 38.71699m, Rue: Grande Rue de la Guillotière
Tronçon: 3923935917 -> 3923936250, Longueur: 35.44177m, Rue: 
Tronçon: 1608222757 -> 1608222754, Longueur: 110.354126m, Rue: Rue Paret
Tronçon: 1608222757 -> 190823192, Longueur: 109.05094m, Rue: Rue Louis Fort
Tronçon: 1608222757 -> 190817740, Longueur: 170.12038m, Rue: Rue Louis Fort
Tronçon: 55474916 -> 2282805720, Longueur: 27.940016m, Rue: Rue Jean Jaurès
Tronçon: 55474916 -> 60493268, Longueur: 81.181366m, Rue: Rue Jean Jaurès
Tronçon: 55474916 -> 55474924, Longueur: 231.42119m, Rue: Rue Louis Braille
Tronçon: 1471827637 -> 26480365, Longueur: 144.93214m, Rue: Quai Jean Moulin
Tronçon: 1471827637 -> 1471827643, Longueur: 455.34402m, Rue: Quai André Lassagne Quai Jean Moulin
Tronçon: 1608222754 -> 1608222757, Longueur: 110.354126m, Rue: Rue Paret
Tronçon: 1608222754 -> 190817736, Longueur: 160.334m, Rue: Rue Pélisson
Tronçon: 1608222754 -> 190823204, Longueur: 132.52826m, Rue: Rue Pélisson
Tronçon: 25310913 -> 26035104, Longueur: 108.29161m, Rue: Rue Waldeck-Rousseau
Tronçon: 25310913 -> 25310910, Longueur: 92.91569m, Rue: Rue Vauban
Tronçon: 25310913 -> 26035040, Longueur: 160.59161m, Rue: Rue Waldeck-Rousseau Place du Général Brosset
Tronçon: 25310910 -> 2319500305, Longueur: 58.895588m, Rue: Rue Vauban
Tronçon: 25310910 -> 25310909, Longueur: 73.051926m, Rue: Boulevard des Brotteaux
Tronçon: 2109113577 -> 190951514, Longueur: 15.88851m, Rue: Impasse des Soeurs
Tronçon: 2109113578 -> 190951514, Longueur: 92.22122m, Rue: Impasse des Soeurs
Tronçon: 25310911 -> 25310872, Longueur: 83.83696m, Rue: Rue Professeur Weill
Tronçon: 25310911 -> 25310874, Longueur: 79.29725m, Rue: Rue Bugeaud
Tronçon: 55474940 -> 459797872, Longueur: 8.869261m, Rue: Rue Antonin Perrin
Tronçon: 55474940 -> 398398299, Longueur: 149.63223m, Rue: Rue Valentin Hauy
Tronçon: 55474940 -> 1918509931, Longueur: 104.0505m, Rue: Rue Antonin Perrin
Tronçon: 25310907 -> 25310908, Longueur: 84.36393m, Rue: Cours Lafayette
Tronçon: 25310907 -> 25310894, Longueur: 99.33223m, Rue: Rue Ney
Tronçon: 25310909 -> 2072612784, Longueur: 32.274574m, Rue: Boulevard des Brotteaux
Tronçon: 25310908 -> 25932612, Longueur: 45.95226m, Rue: Boulevard Vivier-Merle
Tronçon: 25310908 -> 26035087, Longueur: 58.381054m, Rue: Cours Lafayette
Tronçon: 55474949 -> 2282805720, Longueur: 185.87515m, Rue: Avenue Antoine de Saint-Exupéry
Tronçon: 55474949 -> 2392360249, Longueur: 142.3364m, Rue: Rue Florian
Tronçon: 55474949 -> 342869875, Longueur: 131.22498m, Rue: Rue Florian
Tronçon: 55474949 -> 2586814494, Longueur: 157.74042m, Rue: Avenue Antoine de Saint-Exupéry
Tronçon: 33235334 -> 1395793336, Longueur: 28.737423m, Rue: Rue Lionel Terray
Tronçon: 33235334 -> 33235335, Longueur: 217.89125m, Rue: 
Tronçon: 25310903 -> 1381860426, Longueur: 71.60093m, Rue: Rue Barrier
Tronçon: 25310903 -> 25327146, Longueur: 77.69695m, Rue: Rue Vauban
Tronçon: 25310902 -> 25327152, Longueur: 82.87472m, Rue: Rue Barrier
Tronçon: 25310902 -> 25327147, Longueur: 77.59283m, Rue: Rue Bugeaud
Tronçon: 25310905 -> 25310904, Longueur: 72.3938m, Rue: Rue Barrier
Tronçon: 25310905 -> 34385832, Longueur: 75.04506m, Rue: Rue Robert
Tronçon: 25310904 -> 25310899, Longueur: 78.88115m, Rue: Rue Louis Blanc
Tronçon: 25310904 -> 25310903, Longueur: 73.64487m, Rue: Rue Barrier
Tronçon: 25310901 -> 25310885, Longueur: 81.67557m, Rue: Rue Tête d'Or
Tronçon: 25310901 -> 25310902, Longueur: 77.58369m, Rue: Rue Bugeaud
Tronçon: 25310900 -> 1381860427, Longueur: 73.40598m, Rue: Rue Tête d'Or
Tronçon: 25310900 -> 25310903, Longueur: 78.48749m, Rue: Rue Vauban
Tronçon: 1643908326 -> 25468089, Longueur: 243.9503m, Rue: Boulevard des États-Unis
Tronçon: 25319302 -> 1621556354, Longueur: 17.709778m, Rue: Cours Lafayette
Tronçon: 25319302 -> 21674802, Longueur: 92.166985m, Rue: Rue Vendôme
Tronçon: 663650234 -> 26058664, Longueur: 60.15949m, Rue: Rue Basse Combalot
Tronçon: 55474983 -> 55474989, Longueur: 12.930663m, Rue: Place Marengo
Tronçon: 55474983 -> 55475038, Longueur: 23.662092m, Rue: Place Marengo
Tronçon: 55474989 -> 48830474, Longueur: 119.83992m, Rue: Avenue Marc Sangnier
Tronçon: 55474989 -> 55475004, Longueur: 14.101396m, Rue: Place Marengo
Tronçon: 55474989 -> 55474983, Longueur: 12.930663m, Rue: Place Marengo
Tronçon: 1921830160 -> 2453716845, Longueur: 12.683293m, Rue: Boulevard Pinel
Tronçon: 1921830160 -> 21715072, Longueur: 160.61214m, Rue: Boulevard Pinel
Tronçon: 191134778 -> 3651418949, Longueur: 169.6099m, Rue: Rue Pierre Baratin
Tronçon: 55474973 -> 54803905, Longueur: 103.20281m, Rue: Rue Lafontaine
Tronçon: 55474973 -> 55474978, Longueur: 109.96871m, Rue: Rue Lafontaine
Tronçon: 55474973 -> 208769039, Longueur: 109.41269m, Rue: Rue Pascal
Tronçon: 55474978 -> 208769499, Longueur: 79.801414m, Rue: Rue Édouard Aynard
Tronçon: 55474978 -> 2456932713, Longueur: 107.5206m, Rue: Rue Lafontaine
Tronçon: 55474978 -> 55457281, Longueur: 190.42087m, Rue: Rue Édouard Aynard
Tronçon: 55474978 -> 55474973, Longueur: 109.96871m, Rue: Rue Lafontaine
Tronçon: 191134782 -> 191134778, Longueur: 66.392876m, Rue: Rue Pierre Baratin
Tronçon: 191134782 -> 3230088380, Longueur: 42.35709m, Rue: Cours Émile Zola
Tronçon: 191134782 -> 191134741, Longueur: 177.56535m, Rue: Cours Émile Zola
Tronçon: 25310932 -> 21674804, Longueur: 76.23956m, Rue: Rue Pierre Corneille
Tronçon: 25310932 -> 21604550, Longueur: 87.42015m, Rue: Rue Dunoir
Tronçon: 25310931 -> 25310932, Longueur: 78.28766m, Rue: Rue Pierre Corneille
Tronçon: 25310931 -> 25310933, Longueur: 85.56106m, Rue: Rue de Bonnel
Tronçon: 25310933 -> 25319257, Longueur: 61.52486m, Rue: Avenue Maréchal de Saxe
Tronçon: 25310933 -> 25319258, Longueur: 78.22729m, Rue: Rue de Bonnel
Tronçon: 62026543 -> 1468823683, Longueur: 20.463095m, Rue: 
Tronçon: 62026543 -> 1468823679, Longueur: 14.557721m, Rue: Cours d'Herbouville
Tronçon: 25303795 -> 226202090, Longueur: 82.09995m, Rue: Rue Trarieux
Tronçon: 25303795 -> 25303799, Longueur: 263.59998m, Rue: Rue du Professeur Rochaix
Tronçon: 25303796 -> 25303797, Longueur: 129.64995m, Rue: Rue du Professeur Florence
Tronçon: 25303796 -> 25303799, Longueur: 195.79736m, Rue: Rue Balthazar
Tronçon: 21717943 -> 21717941, Longueur: 55.997116m, Rue: Rue Genton
Tronçon: 21717943 -> 21717933, Longueur: 172.63002m, Rue: Rue Genton
Tronçon: 21717943 -> 2388251449, Longueur: 115.70186m, Rue: Passage Ranvier
Tronçon: 25303797 -> 2018719148, Longueur: 173.79593m, Rue: Rue du Professeur Florence
Tronçon: 21717942 -> 21718297, Longueur: 125.49228m, Rue: Rue Colette
Tronçon: 21717942 -> 21718245, Longueur: 55.77458m, Rue: Rue Genton
Tronçon: 21717942 -> 21717941, Longueur: 62.4934m, Rue: Rue Genton
Tronçon: 25303798 -> 25303803, Longueur: 302.64557m, Rue: Rue Roux-Soignat
Tronçon: 25303798 -> 25303797, Longueur: 132.70631m, Rue: Rue Trarieux
Tronçon: 21717941 -> 21717946, Longueur: 160.79332m, Rue: Rue Gaston Brissac
Tronçon: 21717941 -> 21717942, Longueur: 62.4934m, Rue: Rue Genton
Tronçon: 21717941 -> 21717943, Longueur: 55.997116m, Rue: Rue Genton
Tronçon: 25303799 -> 26570167, Longueur: 55.239407m, Rue: Rue du Professeur Rochaix
Tronçon: 21717946 -> 21717941, Longueur: 160.79332m, Rue: Rue Gaston Brissac
Tronçon: 21717946 -> 21718291, Longueur: 19.840118m, Rue: Rue du Professeur Joseph Nicolas
Tronçon: 21717946 -> 21717939, Longueur: 127.222176m, Rue: Rue du Professeur Joseph Nicolas
Tronçon: 21717939 -> 21718033, Longueur: 304.35153m, Rue: Boulevard Ambroise Paré
Tronçon: 21717939 -> 21717946, Longueur: 127.222176m, Rue: Rue du Professeur Joseph Nicolas
Tronçon: 21717939 -> 21717931, Longueur: 85.56476m, Rue: Rue du Professeur Joseph Nicolas
Tronçon: 21717939 -> 471133022, Longueur: 41.212082m, Rue: Boulevard Ambroise Paré
Tronçon: 62026530 -> 252466525, Longueur: 5.743965m, Rue: Montée Bonafous
Tronçon: 62026530 -> 26740271, Longueur: 438.27957m, Rue: Quai André Lassagne Cours d'Herbouville
Tronçon: 21717933 -> 21717936, Longueur: 75.345924m, Rue: Rue Bataille
Tronçon: 21717933 -> 21717943, Longueur: 172.63002m, Rue: Rue Genton
Tronçon: 21717932 -> 2388251460, Longueur: 19.179264m, Rue: Boulevard Ambroise Paré
Tronçon: 21717932 -> 471133022, Longueur: 76.54216m, Rue: Boulevard Ambroise Paré
Tronçon: 21717931 -> 21718288, Longueur: 385.02692m, Rue: Rue Professeur Morat
Tronçon: 21717931 -> 3552894977, Longueur: 114.40306m, Rue: Rue Bataille
Tronçon: 21717931 -> 21717939, Longueur: 85.56476m, Rue: Rue du Professeur Joseph Nicolas
Tronçon: 21717931 -> 21717932, Longueur: 97.847244m, Rue: Rue Bataille
Tronçon: 21717930 -> 21717929, Longueur: 41.57947m, Rue: Rue Laennec
Tronçon: 21717930 -> 21717916, Longueur: 26.042063m, Rue: Rue Laennec
Tronçon: 21717936 -> 2388251460, Longueur: 40.89357m, Rue: Rue Bataille
Tronçon: 21717936 -> 21717934, Longueur: 33.199818m, Rue: Rue Bataille
Tronçon: 245957281 -> 7300867, Longueur: 36.57954m, Rue: Avenue des Frères Lumière
Tronçon: 21717934 -> 2388251460, Longueur: 26.576775m, Rue: Boulevard Ambroise Paré
Tronçon: 21717934 -> 21717927, Longueur: 72.0598m, Rue: Boulevard Ambroise Paré
Tronçon: 2034547839 -> 25719228, Longueur: 53.609547m, Rue: Rue du Général Mouton-Duvernet Cours Albert Thomas
Tronçon: 21717929 -> 21717930, Longueur: 41.57947m, Rue: Rue Laennec
Tronçon: 21717929 -> 21717928, Longueur: 84.67725m, Rue: Rue Thomas Blanchet
Tronçon: 21717929 -> 21717912, Longueur: 67.470406m, Rue: Rue Laennec
Tronçon: 21717928 -> 21729400, Longueur: 41.154457m, Rue: Rue Thomas Blanchet
Tronçon: 21717928 -> 21717912, Longueur: 86.87499m, Rue: Boulevard Ambroise Paré
Tronçon: 21717928 -> 21717927, Longueur: 62.809677m, Rue: Boulevard Ambroise Paré
Tronçon: 21717928 -> 21717929, Longueur: 84.67725m, Rue: Rue Thomas Blanchet
Tronçon: 21717927 -> 21717934, Longueur: 72.0598m, Rue: Boulevard Ambroise Paré
Tronçon: 21717927 -> 21729400, Longueur: 47.35024m, Rue: Boulevard Ambroise Paré
Tronçon: 21717927 -> 21717928, Longueur: 62.809677m, Rue: Boulevard Ambroise Paré
Tronçon: 21717927 -> 21717916, Longueur: 150.11787m, Rue: Rue des Artisans
Tronçon: 2034547834 -> 3393859920, Longueur: 73.04839m, Rue: Cours Albert Thomas
Tronçon: 2034547834 -> 25719228, Longueur: 70.048775m, Rue: Cours Albert Thomas
Tronçon: 474605986 -> 21993017, Longueur: 54.14699m, Rue: Cours Albert Thomas
Tronçon: 474605986 -> 474605980, Longueur: 84.36449m, Rue: Rue Rossan
Tronçon: 1954994787 -> 1954994784, Longueur: 6.591936m, Rue: Place René Deroudille
Tronçon: 1954994787 -> 2319500306, Longueur: 15.793434m, Rue: Rue Juliette Récamier
Tronçon: 1954994787 -> 1954994821, Longueur: 3.6177402m, Rue: Place René Deroudille
Tronçon: 474605980 -> 474605974, Longueur: 9.721205m, Rue: Rue Rossan
Tronçon: 1954994784 -> 25310874, Longueur: 112.536896m, Rue: Rue Ney
Tronçon: 1954994784 -> 1954994809, Longueur: 8.378013m, Rue: Place René Deroudille
Tronçon: 1954994784 -> 1954994787, Longueur: 6.591936m, Rue: Place René Deroudille
Tronçon: 1954994781 -> 1954994779, Longueur: 6.63068m, Rue: Place René Deroudille
Tronçon: 1954994781 -> 1954994821, Longueur: 17.225723m, Rue: Place René Deroudille
Tronçon: 60902278 -> 452908352, Longueur: 214.41359m, Rue: 
Tronçon: 60902278 -> 143385, Longueur: 406.71573m, Rue: 
Tronçon: 342872879 -> 2456932713, Longueur: 24.71337m, Rue: Rue Richelieu
Tronçon: 342872879 -> 342873658, Longueur: 37.097897m, Rue: Rue Richelieu
[...]
Tronçon: 26317393 -> 26155380, Longueur: 351.61423m, Rue: Avenue des Acacias
Tronçon: 21715068 -> 21715072, Longueur: 10.785523m, Rue: Avenue Rockefeller
Tronçon: 21715068 -> 657813243, Longueur: 42.897446m, Rue: Boulevard Pinel
Tronçon: 522100855 -> 1345284783, Longueur: 70.188835m, Rue: Rue Rampon
Tronçon: 522100855 -> 195271, Longueur: 197.0728m, Rue: Rue Roger Bréchan
Tronçon: 26317392 -> 1682387628, Longueur: 56.284775m, Rue: Route de Genas
Tronçon: 26317392 -> 2864952654, Longueur: 68.26572m, Rue: Impasse Victor Hugo
Tronçon: 26317392 -> 25611408, Longueur: 25.819494m, Rue: Route de Genas
Tronçon: 26027220 -> 21674804, Longueur: 89.14037m, Rue: Rue Servient
Tronçon: 26027220 -> 21604550, Longueur: 75.75598m, Rue: Avenue Maréchal de Saxe
Tronçon: 458730801 -> 458730786, Longueur: 159.40694m, Rue: Allée des Platanes
Tronçon: 458730801 -> 271151899, Longueur: 110.672226m, Rue: Boulevard Pinel
Tronçon: 1171868956 -> 35291698, Longueur: 136.54222m, Rue: Rue Mottet de Gérando
Tronçon: 1171868956 -> 130143380, Longueur: 116.040146m, Rue: Rue d'Austerlitz
Tronçon: 1171868956 -> 322191223, Longueur: 36.042397m, Rue: Place Bellevue
Tronçon: 26027224 -> 25306185, Longueur: 86.91489m, Rue: Rue Duguesclin
Tronçon: 26027224 -> 26027222, Longueur: 96.3518m, Rue: Rue Servient
Tronçon: 26027221 -> 26027220, Longueur: 74.86861m, Rue: Rue Servient
Tronçon: 26027221 -> 25306182, Longueur: 86.41546m, Rue: Rue Vendôme
Tronçon: 26027222 -> 26027230, Longueur: 77.1312m, Rue: Rue de Créqui
Tronçon: 26027222 -> 26027221, Longueur: 81.07439m, Rue: Rue Servient
Tronçon: 26027230 -> 26027231, Longueur: 81.70943m, Rue: Rue de Créqui
Tronçon: 26027231 -> 26027232, Longueur: 63.835476m, Rue: Rue de Créqui
Tronçon: 26027231 -> 26027233, Longueur: 96.490486m, Rue: Rue de Bonnel
Tronçon: 1250985273 -> 1250985265, Longueur: 12.065002m, Rue: Avenue Jean Mermoz
Tronçon: 1250985273 -> 1315984675, Longueur: 164.65242m, Rue: Boulevard Pinel
Tronçon: 26057098 -> 26057085, Longueur: 211.31693m, Rue: Rue Paul Bert
Tronçon: 1250985279 -> 27362552, Longueur: 190.61694m, Rue: Boulevard Pinel
Tronçon: 1250985279 -> 1250985266, Longueur: 11.400875m, Rue: Avenue Jean Mermoz
Tronçon: 1242371158 -> 1242371194, Longueur: 214.01912m, Rue: Rue Roger Lenoir
Tronçon: 1242371158 -> 58584493, Longueur: 108.028305m, Rue: Cours Émile Zola
Tronçon: 1242371158 -> 25932599, Longueur: 76.26711m, Rue: Cours Émile Zola
Tronçon: 87883332 -> 249084446, Longueur: 50.48321m, Rue: Avenue Aristide Briand
Tronçon: 87883332 -> 58584534, Longueur: 160.64204m, Rue: Rue Michel Servet
Tronçon: 26057008 -> 26057009, Longueur: 114.66006m, Rue: Quai Victor Augagneur
Tronçon: 252466525 -> 62026530, Longueur: 5.743965m, Rue: Montée Bonafous
Tronçon: 252466525 -> 252467947, Longueur: 483.38733m, Rue: Montée Bonafous
Tronçon: 252466525 -> 252466517, Longueur: 9.362183m, Rue: Place Louis Chazette
Tronçon: 252466525 -> 2571377366, Longueur: 25.454002m, Rue: Place Louis Chazette
Tronçon: 26057009 -> 26054497, Longueur: 67.73436m, Rue: Rue de Bonnel
Tronçon: 26057009 -> 821517829, Longueur: 80.9768m, Rue: Quai Victor Augagneur
Tronçon: 458730787 -> 458730786, Longueur: 22.518492m, Rue: Allée des Platanes
Tronçon: 458730786 -> 458730787, Longueur: 22.518492m, Rue: Allée des Platanes
Tronçon: 458730786 -> 458730801, Longueur: 159.40694m, Rue: Allée des Platanes
Tronçon: 1655658195 -> 25495340, Longueur: 60.359676m, Rue: 
Tronçon: 252466530 -> 35291298, Longueur: 26.173426m, Rue: Place Michel Servet
Tronçon: 252466530 -> 252466532, Longueur: 20.155586m, Rue: Place Michel Servet
Tronçon: 252466532 -> 252466533, Longueur: 24.980703m, Rue: Rue de Provence
Tronçon: 252466532 -> 35291294, Longueur: 100.26719m, Rue: Rue Royale
Tronçon: 646538715 -> 9214658, Longueur: 5.5960803m, Rue: Avenue Jean Jaurès
Tronçon: 646538715 -> 600816158, Longueur: 70.77815m, Rue: Avenue Jean Jaurès
Tronçon: 252466533 -> 252466532, Longueur: 24.980703m, Rue: Rue de Provence
Tronçon: 252466535 -> 35291298, Longueur: 41.368526m, Rue: Tunnel de la Croix-Rousse
Tronçon: 252466535 -> 242163349, Longueur: 95.58687m, Rue: Tunnel de la Croix-Rousse Pont de Lattre de Tassigny
Tronçon: 1288817934 -> 1259561375, Longueur: 83.691925m, Rue: Rue Professeur Louis Roche
Tronçon: 1288817934 -> 25335981, Longueur: 144.92577m, Rue: Rue de Montbrillant
Tronçon: 35224300 -> 35222969, Longueur: 75.61611m, Rue: Rue Imbert Colomès
Tronçon: 35224303 -> 35224300, Longueur: 74.26156m, Rue: Rue Imbert Colomès
Tronçon: 35224303 -> 35224293, Longueur: 49.96112m, Rue: Rue Chappet
Tronçon: 35224305 -> 35224289, Longueur: 54.26683m, Rue: Montée Saint-Sébastien
Tronçon: 35224305 -> 35224310, Longueur: 39.522015m, Rue: Montée Saint-Sébastien
Tronçon: 35224308 -> 25478602, Longueur: 64.1031m, Rue: Rue des Capucins
Tronçon: 35224308 -> 35224310, Longueur: 16.891924m, Rue: Rue du Griffon
Tronçon: 569050829 -> 1683287879, Longueur: 6.855355m, Rue: Avenue Leclerc
Tronçon: 3824873178 -> 25152621, Longueur: 15.469458m, Rue: Rue Tourville
Tronçon: 3824873178 -> 25152615, Longueur: 29.457174m, Rue: Rue Tourville
Tronçon: 26084642 -> 26084596, Longueur: 61.78466m, Rue: Rue de Gerland
Tronçon: 26084642 -> 26084661, Longueur: 50.259148m, Rue: Rue Victor Lagrange
Tronçon: 194609836 -> 34830610, Longueur: 490.88803m, Rue: Boulevard Laurent Bonnevay
Tronçon: 252466517 -> 62026530, Longueur: 8.467056m, Rue: Cours d'Herbouville
Tronçon: 252466517 -> 252466525, Longueur: 9.362183m, Rue: Place Louis Chazette
Tronçon: 251171031 -> 251171098, Longueur: 137.23657m, Rue: Rue de l'Est
Tronçon: 25452393 -> 25452392, Longueur: 75.45261m, Rue: Cours Gambetta
Tronçon: 25452392 -> 195252, Longueur: 130.16745m, Rue: Rue Louis Dansard
Tronçon: 25452392 -> 1352733757, Longueur: 9.444331m, Rue: Cours Gambetta
Tronçon: 569050800 -> 569050829, Longueur: 66.01441m, Rue: Avenue Leclerc
Tronçon: 569050800 -> 26084717, Longueur: 113.948845m, Rue: Rue Victor Lagrange
Tronçon: 55457276 -> 1679901320, Longueur: 75.53064m, Rue: Rue Pascal
Tronçon: 55457276 -> 55457281, Longueur: 136.14664m, Rue: Cours Tolstoï
Tronçon: 25614303 -> 26064143, Longueur: 127.122055m, Rue: Quai Général Sarrail
Tronçon: 25614303 -> 25319207, Longueur: 92.07778m, Rue: Cours Lafayette
Tronçon: 26057042 -> 26057043, Longueur: 77.693855m, Rue: Rue Paul Bert
Tronçon: 26057042 -> 2450730437, Longueur: 65.65574m, Rue: Rue Bonnefoi
Tronçon: 3824873194 -> 3824873178, Longueur: 31.360703m, Rue: Rue Tourville
Tronçon: 3824873194 -> 25152615, Longueur: 22.91674m, Rue: Rue Domer
Tronçon: 26057043 -> 320914499, Longueur: 67.118385m, Rue: Rue Villeroy
Tronçon: 26057043 -> 25306159, Longueur: 25.489933m, Rue: Rue Paul Bert
Tronçon: 4193445730 -> 55463826, Longueur: 6.4504447m, Rue: Rue Jean Jaurès
Tronçon: 4193445730 -> 55463796, Longueur: 99.45865m, Rue: Rue Jean Jaurès
Tronçon: 4193445730 -> 4193445733, Longueur: 74.169395m, Rue: Rue Raymond Terracher
Tronçon: 1682387539 -> 251050862, Longueur: 114.692825m, Rue: Rue des Prévoyants de l'Avenir
Tronçon: 25336175 -> 25336178, Longueur: 179.80255m, Rue: Rue Jean Renoir
Tronçon: 25336175 -> 25336179, Longueur: 129.12434m, Rue: Rue Jeanne Hachette
Tronçon: 25336175 -> 4428355731, Longueur: 514.477m, Rue: Rue Jeanne Hachette
Tronçon: 25336178 -> 25336189, Longueur: 222.6015m, Rue: Rue du Dauphiné
Tronçon: 25336178 -> 25336175, Longueur: 179.80255m, Rue: Rue Jean Renoir
Tronçon: 194609815 -> 194609836, Longueur: 504.5979m, Rue: Boulevard Laurent Bonnevay
Tronçon: 194609815 -> 244499791, Longueur: 193.06894m, Rue: Rue du 19 Mars 1962
Tronçon: 325213183 -> 325213187, Longueur: 130.32822m, Rue: Impasse Charles Lindbergh
Tronçon: 325213183 -> 26155538, Longueur: 73.98266m, Rue: Avenue Lacassagne
Tronçon: 4193445733 -> 2586814489, Longueur: 24.719471m, Rue: Rue Raymond Terracher
Tronçon: 4193445733 -> 4193445730, Longueur: 74.169395m, Rue: Rue Raymond Terracher
Tronçon: 325213187 -> 325213183, Longueur: 130.32822m, Rue: Impasse Charles Lindbergh
Tronçon: 55457281 -> 55457354, Longueur: 69.84076m, Rue: Cours Tolstoï
Tronçon: 55457281 -> 55474978, Longueur: 190.42087m, Rue: Rue Édouard Aynard
Tronçon: 25336189 -> 2026239409, Longueur: 73.50747m, Rue: Rue du Dauphiné
Tronçon: 25336189 -> 195271, Longueur: 157.39076m, Rue: Rue du Professeur Paul Sisley
Tronçon: 194609803 -> 194609815, Longueur: 105.49011m, Rue: Boulevard Laurent Bonnevay
Tronçon: 2018719148 -> 103755060, Longueur: 26.469484m, Rue: Place d'Arsonval
Tronçon: 2018719148 -> 1039285693, Longueur: 80.84599m, Rue: Cours Albert Thomas
Tronçon: 325213175 -> 649791301, Longueur: 50.0094m, Rue: Rue Trarieux
Tronçon: 325213175 -> 325213179, Longueur: 160.91843m, Rue: Rue Jean Quitout
Tronçon: 55457297 -> 60491705, Longueur: 63.551266m, Rue: Rue Paul Verlaine
Tronçon: 55457297 -> 4025995466, Longueur: 211.99525m, Rue: Rue Florian
Tronçon: 55457297 -> 55457314, Longueur: 103.32832m, Rue: Cours Tolstoï
Tronçon: 25336179 -> 250042857, Longueur: 48.468773m, Rue: Avenue Félix Faure
Tronçon: 25336179 -> 195261, Longueur: 127.18727m, Rue: Avenue Félix Faure
Tronçon: 25336179 -> 25336175, Longueur: 129.12434m, Rue: Rue Jeanne Hachette
Tronçon: 325213179 -> 26155540, Longueur: 54.832844m, Rue: Avenue Lacassagne
Tronçon: 3923472452 -> 35291288, Longueur: 44.03035m, Rue: Place Croix-Paquet
Tronçon: 3923472452 -> 35291292, Longueur: 39.84105m, Rue: Rue Roger Violi
Tronçon: 1370403200 -> 4150021194, Longueur: 7.0364823m, Rue: Rue Émile Decorps
Tronçon: 1370403200 -> 2284488019, Longueur: 101.103355m, Rue: Rue Émile Decorps
Tronçon: 3812424995 -> 18697385, Longueur: 44.747417m, Rue: Rue de la Madeleine
Tronçon: 26084601 -> 26084603, Longueur: 76.93941m, Rue: Rue Victor Lagrange
Tronçon: 26084601 -> 26084599, Longueur: 93.921196m, Rue: Rue de la Grande Famille
Tronçon: 26084600 -> 26084603, Longueur: 83.59167m, Rue: Rue des Bons Enfants
Tronçon: 26084600 -> 26084605, Longueur: 111.05496m, Rue: Rue Galland
Tronçon: 26084600 -> 637043151, Longueur: 81.40663m, Rue: Rue des Bons Enfants
Tronçon: 26084600 -> 26084599, Longueur: 76.08589m, Rue: Rue Galland
Tronçon: 26084603 -> 26084604, Longueur: 85.156555m, Rue: Rue Victor Lagrange
Tronçon: 26084603 -> 26084600, Longueur: 83.59167m, Rue: Rue des Bons Enfants
Tronçon: 283325404 -> 283325403, Longueur: 225.56123m, Rue: Rue Chateaubriand
Tronçon: 283325404 -> 283326996, Longueur: 78.93727m, Rue: Avenue Jean Jaurès
Tronçon: 283325404 -> 26120302, Longueur: 85.979126m, Rue: Avenue Jean Jaurès
Tronçon: 26084605 -> 26084600, Longueur: 111.05496m, Rue: Rue Galland
Tronçon: 26084605 -> 2804431850, Longueur: 2.9483309m, Rue: Rue des Verriers
Tronçon: 26084605 -> 26084606, Longueur: 80.85761m, Rue: Rue des Verriers
Tronçon: 283325403 -> 283325404, Longueur: 225.56123m, Rue: Rue Chateaubriand
Tronçon: 283325403 -> 26115845, Longueur: 124.23306m, Rue: Rue de Gerland
Tronçon: 283325403 -> 25468215, Longueur: 41.793312m, Rue: Rue de Gerland
Tronçon: 26084604 -> 26084609, Longueur: 160.21835m, Rue: Rue Victor Lagrange
Tronçon: 26084604 -> 2804431850, Longueur: 86.538345m, Rue: Rue des Verriers
Tronçon: 87883334 -> 58584528, Longueur: 163.73494m, Rue: Rue Paul Verlaine
Tronçon: 87883334 -> 249084446, Longueur: 51.39974m, Rue: Avenue Aristide Briand
Tronçon: 87883334 -> 58584527, Longueur: 165.78238m, Rue: Rue Paul Verlaine
Tronçon: 26084606 -> 4112101951, Longueur: 116.64377m, Rue: Rue Lortet
Tronçon: 26084606 -> 26084605, Longueur: 80.85761m, Rue: Rue des Verriers
Tronçon: 26084606 -> 637043151, Longueur: 108.58478m, Rue: Rue Lortet
Tronçon: 26084609 -> 3446506083, Longueur: 12.92072m, Rue: Rue Victor Lagrange
Tronçon: 26084609 -> 26131887, Longueur: 174.12933m, Rue: Rue du Professeur Zimmermann
Tronçon: 26084608 -> 21674912, Longueur: 103.59624m, Rue: Boulevard Yves Farge
Tronçon: 26084608 -> 2804431848, Longueur: 64.00386m, Rue: Boulevard Yves Farge
Tronçon: 26084608 -> 4112101951, Longueur: 88.84401m, Rue: Rue Lortet
Tronçon: 26084608 -> 26084719, Longueur: 73.462585m, Rue: Rue Gustave Nadaud
Tronçon: 1242371194 -> 1242371158, Longueur: 214.01912m, Rue: Rue Roger Lenoir
Tronçon: 1242371194 -> 1637473438, Longueur: 53.870914m, Rue: Rue Anatole France
Tronçon: 26057013 -> 21674898, Longueur: 81.704956m, Rue: Rue de la Victoire
Tronçon: 26057013 -> 21674901, Longueur: 51.518547m, Rue: Rue Montebello
Tronçon: 26106468 -> 26106464, Longueur: 68.30846m, Rue: Rue du Président Édouard Herriot
Tronçon: 26106468 -> 26106473, Longueur: 72.023415m, Rue: Rue du Plâtre
Tronçon: 26106468 -> 26106447, Longueur: 192.39197m, Rue: Rue du Bât-d'Argent, Rue du Bât d'Argent
Tronçon: 25337452 -> 25337455, Longueur: 51.1719m, Rue: Rue Creuzet
Tronçon: 25337452 -> 25337461, Longueur: 111.68881m, Rue: Rue Saint-Michel
Tronçon: 25337454 -> 25305955, Longueur: 109.5052m, Rue: Rue Claude Boyer
Tronçon: 25337454 -> 15925438, Longueur: 97.57156m, Rue: Grande Rue de la Guillotière
Tronçon: 25337450 -> 444667873, Longueur: 79.922615m, Rue: Rue de la Madeleine
Tronçon: 25337448 -> 25337450, Longueur: 79.41007m, Rue: Rue Montesquieu
Tronçon: 1513948135 -> 34500665, Longueur: 103.9578m, Rue: Rue Francis de Pressensé
Tronçon: 1513948135 -> 60685036, Longueur: 51.537525m, Rue: Cours André Philip
Tronçon: 1513948135 -> 34500653, Longueur: 97.15755m, Rue: Cours André Philip
Tronçon: 26106475 -> 26106481, Longueur: 70.68437m, Rue: Rue Longue
Tronçon: 26106475 -> 1032776498, Longueur: 49.321846m, Rue: Rue Pléney
Tronçon: 26106473 -> 26106475, Longueur: 81.70722m, Rue: Rue Pléney
Tronçon: 26106473 -> 25722214, Longueur: 35.288094m, Rue: Rue du Plâtre
Tronçon: 34385832 -> 34385840, Longueur: 77.5961m, Rue: Rue Garibaldi
Tronçon: 34385832 -> 1297040320, Longueur: 42.035843m, Rue: Rue Robert
Tronçon: 1465125837 -> 25258530, Longueur: 78.40906m, Rue: Rue d'Arménie
Tronçon: 1465125837 -> 2108824887, Longueur: 48.97536m, Rue: Rue Vendôme
Tronçon: 2450730437 -> 26079690, Longueur: 39.43058m, Rue: Rue Bonnefoi
Tronçon: 26106454 -> 26106448, Longueur: 75.34541m, Rue: Rue Neuve
Tronçon: 26106454 -> 26106483, Longueur: 127.82721m, Rue: Rue Neuve
Tronçon: 25337462 -> 25450962, Longueur: 83.20405m, Rue: Rue d'Anvers
Tronçon: 25337462 -> 25337463, Longueur: 45.00767m, Rue: Rue Montesquieu
Tronçon: 25337463 -> 25337461, Longueur: 60.524563m, Rue: Avenue Jean Jaurès
Tronçon: 25337463 -> 25337455, Longueur: 92.825195m, Rue: Rue Montesquieu
Tronçon: 25337464 -> 25337466, Longueur: 99.33781m, Rue: Rue Saint-Michel
Tronçon: 25337464 -> 25337467, Longueur: 90.39862m, Rue: Rue Sébastien Gryphe
Tronçon: 25337465 -> 26058163, Longueur: 33.743633m, Rue: Rue Béchevelin
Tronçon: 25337465 -> 25337469, Longueur: 60.993687m, Rue: Rue Béchevelin
Tronçon: 25337460 -> 25337459, Longueur: 48.631847m, Rue: Rue Saint-Michel
Tronçon: 25337460 -> 25337462, Longueur: 60.540493m, Rue: Rue d'Anvers
Tronçon: 25337461 -> 24009841, Longueur: 51.12456m, Rue: Avenue Jean Jaurès
Tronçon: 25337461 -> 25337460, Longueur: 23.412828m, Rue: Rue Saint-Michel
Tronçon: 25337459 -> 25337464, Longueur: 62.91071m, Rue: Rue Saint-Michel
Tronçon: 25337459 -> 25337458, Longueur: 60.48793m, Rue: Rue Chalopin
Tronçon: 34385840 -> 528993508, Longueur: 99.02811m, Rue: Rue Garibaldi
Tronçon: 34385840 -> 1026166670, Longueur: 76.4226m, Rue: Cours Lafayette
Tronçon: 25337455 -> 25337448, Longueur: 84.29086m, Rue: Rue Montesquieu
Tronçon: 25337455 -> 25337456, Longueur: 64.44327m, Rue: Rue Creuzet
Tronçon: 25337456 -> 25153074, Longueur: 117.96093m, Rue: Rue Creuzet
Tronçon: 25337456 -> 21604533, Longueur: 68.711266m, Rue: Rue de la Thibaudière
Tronçon: 25337456 -> 25153103, Longueur: 84.216705m, Rue: Rue de la Thibaudière
Tronçon: 2930837817 -> 409269455, Longueur: 102.82409m, Rue: Impasse de la Baudette
Tronçon: 25337457 -> 195250, Longueur: 78.31303m, Rue: Grande Rue de la Guillotière
Tronçon: 25337457 -> 25337452, Longueur: 90.95457m, Rue: Rue Creuzet
Tronçon: 25337458 -> 25337462, Longueur: 45.678165m, Rue: Rue Montesquieu
Tronçon: 25337458 -> 565447495, Longueur: 86.95501m, Rue: Rue Chalopin
Tronçon: 26106464 -> 1472054610, Longueur: 30.70738m, Rue: Rue Pizay
Tronçon: 26106464 -> 730804047, Longueur: 63.498356m, Rue: Rue du Président Édouard Herriot
Tronçon: 26106460 -> 1472054610, Longueur: 102.24986m, Rue: Rue Pizay
Tronçon: 26106460 -> 26480146, Longueur: 59.558266m, Rue: Rue Pizay
Tronçon: 55475052 -> 55474983, Longueur: 118.67187m, Rue: Rue Édouard Aynard
Tronçon: 26106449 -> 26106448, Longueur: 37.589275m, Rue: Rue de la Bourse
Tronçon: 26106449 -> 26106484, Longueur: 139.99698m, Rue: Rue Gentil
Tronçon: 26106447 -> 26480144, Longueur: 70.157745m, Rue: Rue du Garet
Tronçon: 26106447 -> 26480120, Longueur: 96.69802m, Rue: Rue du Bât d'Argent
Tronçon: 26106448 -> 26106447, Longueur: 88.5863m, Rue: Rue de la Bourse
Tronçon: 567809298 -> 1301805017, Longueur: 9.693007m, Rue: Allée Léopold Sédar Senghor
Tronçon: 567809298 -> 3002320972, Longueur: 54.95147m, Rue: Allée Léopold Sédar Senghor
Tronçon: 1026030602 -> 60755990, Longueur: 256.92346m, Rue: Rue François Gros
Tronçon: 1026030602 -> 1676885834, Longueur: 59.69655m, Rue: Route de Vienne
Tronçon: 25337466 -> 25337465, Longueur: 65.98547m, Rue: Rue Saint-Michel
Tronçon: 25337466 -> 25337468, Longueur: 61.27467m, Rue: Rue du Capitaine Robert Cluzan
Tronçon: 25337467 -> 663650280, Longueur: 65.44931m, Rue: Grande Rue de la Guillotière
Tronçon: 25337467 -> 25452393, Longueur: 157.67104m, Rue: Rue Sébastien Gryphe
Tronçon: 25337468 -> 25450960, Longueur: 90.19256m, Rue: Rue Montesquieu
Tronçon: 25337468 -> 25450965, Longueur: 77.853355m, Rue: Rue du Capitaine Robert Cluzan
Tronçon: 25337469 -> 25337468, Longueur: 69.15885m, Rue: Rue Montesquieu
Tronçon: 25337469 -> 663650175, Longueur: 23.370407m, Rue: Rue Béchevelin
Tronçon: 26106453 -> 26106477, Longueur: 126.040886m, Rue: Rue Mulet
Tronçon: 34499743 -> 1367639422, Longueur: 41.933548m, Rue: 
Tronçon: 26106451 -> 273216489, Longueur: 25.713573m, Rue: Place des Cordeliers
Tronçon: 26106451 -> 959373467, Longueur: 9.366242m, Rue: Rue de la Bourse
Tronçon: 34499745 -> 27512824, Longueur: 82.43598m, Rue: Rue de la Doua
Tronçon: 34499745 -> 195325673, Longueur: 225.54529m, Rue: Rue Léon Fabre
Tronçon: 34499745 -> 1028231661, Longueur: 224.0172m, Rue: Rue de la Doua
Tronçon: 3266667859 -> 244499777, Longueur: 499.03467m, Rue: Rue Jean Bouin
Tronçon: 3266667859 -> 244499815, Longueur: 18.80024m, Rue: Rue Jean Bouin
Tronçon: 279629983 -> 279629283, Longueur: 8.384981m, Rue: Rue du Quartier Neuf
Tronçon: 279629983 -> 1678996810, Longueur: 295.04138m, Rue: Avenue de Saint-Exupéry
Tronçon: 279629983 -> 1613914198, Longueur: 169.40163m, Rue: Rue Léon Bourgeois
Tronçon: 644880770 -> 21604600, Longueur: 69.56085m, Rue: Avenue Rockefeller
Tronçon: 644880770 -> 3760085988, Longueur: 7.9133387m, Rue: Rue Nungesser et Coli
Tronçon: 26064143 -> 26064162, Longueur: 16.0683m, Rue: Rue Vauban
Tronçon: 1468760675 -> 25622570, Longueur: 25.597965m, Rue: Avenue Leclerc
Tronçon: 1468760675 -> 25622571, Longueur: 21.51374m, Rue: Avenue Leclerc
Tronçon: 1026030617 -> 1676885834, Longueur: 9.763474m, Rue: Rue Henri Barbusse
Tronçon: 1026030617 -> 1026030676, Longueur: 14.449394m, Rue: Route de Vienne
Tronçon: 1026030617 -> 600873327, Longueur: 17.04185m, Rue: Route de Vienne
Tronçon: 1789612770 -> 1988133079, Longueur: 96.57666m, Rue: Rue Louis Bocquet
Tronçon: 1789612770 -> 1988133711, Longueur: 91.08942m, Rue: Rue Cyprian
Tronçon: 1789612770 -> 1835841713, Longueur: 78.78756m, Rue: Rue Cyprian
Tronçon: 26106405 -> 1504023584, Longueur: 28.448494m, Rue: Rue Tupin
Tronçon: 26106405 -> 26106404, Longueur: 94.97768m, Rue: Rue de Brest
Tronçon: 26106403 -> 26106297, Longueur: 91.4459m, Rue: Rue de Brest
Tronçon: 26106403 -> 25743299, Longueur: 57.500027m, Rue: Rue Thomassin
Tronçon: 26106404 -> 26106403, Longueur: 45.53704m, Rue: Rue de Brest
Tronçon: 26064162 -> 25614299, Longueur: 124.37893m, Rue: Quai Général Sarrail
Tronçon: 1026030630 -> 2431836610, Longueur: 11.945909m, Rue: Route de Vienne
Tronçon: 1026030630 -> 1026030602, Longueur: 12.044212m, Rue: Route de Vienne
]]></system-out>
  </testcase>
</testsuite>