<?xml version="1.0" encoding="UTF-8"?>
<testsuite xmlns:xsi="http://www.w3.org/2001/XMLSchema-instance" xsi:noNamespaceSchemaLocation="https://maven.apache.org/surefire/maven-surefire-plugin/xsd/surefire-test-report-3.0.xsd" version="3.0" name="tests.PlanTest" time="0.069" tests="5" errors="0" skipped="0" failures="0">
  <properties>
[...]
</properties>
  <testcase name="testAjouterTroncon" classname="tests.PlanTest" time="0.019"/>
  <testcase name="testAjouterIntersection" classname="tests.PlanTest" time="0.001"/>
  <testcase name="testChercherIntersectionParId" classname="tests.PlanTest" time="0.001"/>
  <testcase name="testChercherPlusCourtChemin" classname="tests.PlanTest" time="0.008">
    <system-out><![CDATA[1
Intersection [id=2, latitude=45.755, longitude=4.832]
2
Intersection [id=3, latitude=45.756, longitude=4.833]
2
Intersection [id=3, latitude=45.756, longitude=4.833]
3
Intersection [id=4, latitude=45.757, longitude=4.834]
]]></system-out>
  </testcase>
  <testcase name="testChargerPlanDepuisXML" classname="tests.PlanTest" time="0.03">
    <system-out><![CDATA[Tronçon: 208769499 -> 208769457, Longueur: 106.73056m, Rue: Rue Frédéric Passy
Tronçon: 208769499 -> 55474978, Longueur: 79.801414m, Rue: Rue Édouard Aynard
]]></system-out>
  </testcase>
</testsuite>