<?xml version="1.0" encoding="UTF-8"?>
<testsuite xmlns:xsi="http://www.w3.org/2001/XMLSchema-instance" xsi:noNamespaceSchemaLocation="https://maven.apache.org/surefire/maven-surefire-plugin/xsd/surefire-test-report-3.0.xsd" version="3.0" name="tests.PlanTest" time="0.085" tests="5" errors="0" skipped="0" failures="0">
  <properties>
[...]
</properties>
  <testcase name="testAjouterTroncon" classname="tests.PlanTest" time="0.023"/>
  <testcase name="testAjouterIntersection" classname="tests.PlanTest" time="0.0"/>
  <testcase name="testChercherIntersectionParId" classname="tests.PlanTest" time="0.0"/>
  <testcase name="testChercherPlusCourtChemin" classname="tests.PlanTest" time="0.018">
    <system-out><![CDATA[1
Intersection [id=2, latitude=45.755, longitude=4.832]
2
Intersection [id=3, latitude=45.756, longitude=4.833]
2
Intersection [id=3, latitude=45.756, longitude=4.833]
]]></system-out>
  </testcase>
  <testcase name="testChargerPlanDepuisXML" classname="tests.PlanTest" time="0.028"/>
</testsuite>